[    0.000000] Initializing cgroup subsys cpuset
[    0.000000] Initializing cgroup subsys cpu
[    0.000000] Initializing cgroup subsys cpuacct
[    0.000000] Linux version 4.4.0-210-generic (buildd@lgw01-amd64-009) (gcc version 5.4.0 20160609 (Ubuntu 5.4.0-6ubuntu1~16.04.12) ) #242-Ubuntu SMP Fri Apr 16 09:57:56 UTC 2021 (Ubuntu 4.4.0-210.242-generic 4.4.262)
[    0.000000] Command line: BOOT_IMAGE=/boot/vmlinuz-4.4.0-210-generic root=LABEL=cloudimg-rootfs ro console=tty1 console=ttyS0
[    0.000000] KERNEL supported cpus:
[    0.000000]   Intel GenuineIntel
[    0.000000]   AMD AuthenticAMD
[    0.000000]   Centaur CentaurHauls
[    0.000000] x86/fpu: Legacy x87 FPU detected.
[    0.000000] e820: BIOS-provided physical RAM map:
[    0.000000] BIOS-e820: [mem 0x0000000000000000-0x000000000009fbff] usable
[    0.000000] BIOS-e820: [mem 0x000000000009fc00-0x000000000009ffff] reserved
[    0.000000] BIOS-e820: [mem 0x00000000000f0000-0x00000000000fffff] reserved
[    0.000000] BIOS-e820: [mem 0x0000000000100000-0x000000003ffeffff] usable
[    0.000000] BIOS-e820: [mem 0x000000003fff0000-0x000000003fffffff] ACPI data
[    0.000000] BIOS-e820: [mem 0x00000000fec00000-0x00000000fec00fff] reserved
[    0.000000] BIOS-e820: [mem 0x00000000fee00000-0x00000000fee00fff] reserved
[    0.000000] BIOS-e820: [mem 0x00000000fffc0000-0x00000000ffffffff] reserved
[    0.000000] NX (Execute Disable) protection: active
[    0.000000] SMBIOS 2.5 present.
[    0.000000] Hypervisor detected: KVM
[    0.000000] Kernel/User page tables isolation: disabled
[    0.000000] e820: last_pfn = 0x3fff0 max_arch_pfn = 0x400000000
[    0.000000] MTRR: Disabled
[    0.000000] x86/PAT: MTRRs disabled, skipping PAT initialization too.
[    0.000000] CPU MTRRs all blank - virtualized system.
[    0.000000] x86/PAT: Configuration [0-7]: WB  WT  UC- UC  WB  WT  UC- UC  
[    0.000000] found SMP MP-table at [mem 0x0009fff0-0x0009ffff] mapped at [ffff88000009fff0]
[    0.000000] Scanning 1 areas for low memory corruption
[    0.000000] RAMDISK: [mem 0x362dc000-0x37165fff]
[    0.000000] ACPI: Early table checksum verification disabled
[    0.000000] ACPI: RSDP 0x00000000000E0000 000024 (v02 VBOX  )
[    0.000000] ACPI: XSDT 0x000000003FFF0030 00003C (v01 VBOX   VBOXXSDT 00000001 ASL  00000061)
[    0.000000] ACPI: FACP 0x000000003FFF00F0 0000F4 (v04 VBOX   VBOXFACP 00000001 ASL  00000061)
[    0.000000] ACPI: DSDT 0x000000003FFF0470 002325 (v02 VBOX   VBOXBIOS 00000002 INTL 20100528)
[    0.000000] ACPI: FACS 0x000000003FFF0200 000040
[    0.000000] ACPI: FACS 0x000000003FFF0200 000040
[    0.000000] ACPI: APIC 0x000000003FFF0240 00005C (v02 VBOX   VBOXAPIC 00000001 ASL  00000061)
[    0.000000] ACPI: SSDT 0x000000003FFF02A0 0001CC (v01 VBOX   VBOXCPUT 00000002 INTL 20100528)
[    0.000000] No NUMA configuration found
[    0.000000] Faking a node at [mem 0x0000000000000000-0x000000003ffeffff]
[    0.000000] NODE_DATA(0) allocated [mem 0x3ffeb000-0x3ffeffff]
[    0.000000] kvm-clock: Using msrs 4b564d01 and 4b564d00
[    0.000000] kvm-clock: cpu 0, msr 0:3ffe3001, primary cpu clock
[    0.000000] kvm-clock: using sched offset of 4155270092 cycles
[    0.000000] clocksource: kvm-clock: mask: 0xffffffffffffffff max_cycles: 0x1cd42e4dffb, max_idle_ns: 881590591483 ns
[    0.000000] Zone ranges:
[    0.000000]   DMA      [mem 0x0000000000001000-0x0000000000ffffff]
[    0.000000]   DMA32    [mem 0x0000000001000000-0x000000003ffeffff]
[    0.000000]   Normal   empty
[    0.000000]   Device   empty
[    0.000000] Movable zone start for each node
[    0.000000] Early memory node ranges
[    0.000000]   node   0: [mem 0x0000000000001000-0x000000000009efff]
[    0.000000]   node   0: [mem 0x0000000000100000-0x000000003ffeffff]
[    0.000000] Initmem setup node 0 [mem 0x0000000000001000-0x000000003ffeffff]
[    0.000000] ACPI: PM-Timer IO Port: 0x4008
[    0.000000] IOAPIC[0]: apic_id 2, version 32, address 0xfec00000, GSI 0-23
[    0.000000] ACPI: INT_SRC_OVR (bus 0 bus_irq 0 global_irq 2 dfl dfl)
[    0.000000] ACPI: INT_SRC_OVR (bus 0 bus_irq 9 global_irq 9 low level)
[    0.000000] Using ACPI (MADT) for SMP configuration information
[    0.000000] smpboot: Allowing 2 CPUs, 0 hotplug CPUs
[    0.000000] PM: Registered nosave memory: [mem 0x00000000-0x00000fff]
[    0.000000] PM: Registered nosave memory: [mem 0x0009f000-0x0009ffff]
[    0.000000] PM: Registered nosave memory: [mem 0x000a0000-0x000effff]
[    0.000000] PM: Registered nosave memory: [mem 0x000f0000-0x000fffff]
[    0.000000] e820: [mem 0x40000000-0xfebfffff] available for PCI devices
[    0.000000] Booting paravirtualized kernel on KVM
[    0.000000] clocksource: refined-jiffies: mask: 0xffffffff max_cycles: 0xffffffff, max_idle_ns: 7645519600211568 ns
[    0.000000] setup_percpu: NR_CPUS:512 nr_cpumask_bits:512 nr_cpu_ids:2 nr_node_ids:1
[    0.000000] PERCPU: Embedded 33 pages/cpu @ffff88003fc00000 s95192 r8192 d31784 u1048576
[    0.000000] Built 1 zonelists in Node order, mobility grouping on.  Total pages: 257912
[    0.000000] Policy zone: DMA32
[    0.000000] Kernel command line: BOOT_IMAGE=/boot/vmlinuz-4.4.0-210-generic root=LABEL=cloudimg-rootfs ro console=tty1 console=ttyS0
[    0.000000] PID hash table entries: 4096 (order: 3, 32768 bytes)
[    0.000000] Memory: 997792K/1048120K available (8644K kernel code, 1332K rwdata, 4044K rodata, 1492K init, 1164K bss, 50328K reserved, 0K cma-reserved)
[    0.000000] SLUB: HWalign=64, Order=0-3, MinObjects=0, CPUs=2, Nodes=1
[    0.000000] Hierarchical RCU implementation.
[    0.000000] 	Build-time adjustment of leaf fanout to 64.
[    0.000000] 	RCU restricting CPUs from NR_CPUS=512 to nr_cpu_ids=2.
[    0.000000] RCU: Adjusting geometry for rcu_fanout_leaf=64, nr_cpu_ids=2
[    0.000000] NR_IRQS:33024 nr_irqs:440 16
[    0.000000] Console: colour VGA+ 80x25
[    0.000000] console [tty1] enabled
[    0.000000] console [ttyS0] enabled
[    0.000000] tsc: Detected 2419.208 MHz processor
[    0.641041] Calibrating delay loop (skipped) preset value.. 4838.41 BogoMIPS (lpj=9676832)
[    0.649414] pid_max: default: 32768 minimum: 301
[    0.653060] ACPI: Core revision 20150930
[    0.657543] ACPI: 2 ACPI AML tables successfully acquired and loaded
[    0.667728] Security Framework initialized
[    0.681033] Yama: becoming mindful.
[    0.692657] AppArmor: AppArmor initialized
[    0.708238] Dentry cache hash table entries: 131072 (order: 8, 1048576 bytes)
[    0.737196] Inode-cache hash table entries: 65536 (order: 7, 524288 bytes)
[    0.767988] Mount-cache hash table entries: 2048 (order: 2, 16384 bytes)
[    0.786192] Mountpoint-cache hash table entries: 2048 (order: 2, 16384 bytes)
[    0.811994] Initializing cgroup subsys io
[    0.819099] Initializing cgroup subsys memory
[    0.833343] Initializing cgroup subsys devices
[    0.846806] Initializing cgroup subsys freezer
[    0.860054] Initializing cgroup subsys net_cls
[    0.875592] Initializing cgroup subsys perf_event
[    0.893319] Initializing cgroup subsys net_prio
[    0.901285] Initializing cgroup subsys hugetlb
[    0.905385] Initializing cgroup subsys pids
[    0.911130] mce: CPU supports 0 MCE banks
[    0.920782] Last level iTLB entries: 4KB 0, 2MB 0, 4MB 0
[    0.932747] Last level dTLB entries: 4KB 0, 2MB 0, 4MB 0, 1GB 0
[    0.944921] Spectre V1 : Mitigation: usercopy/swapgs barriers and __user pointer sanitization
[    0.969144] Spectre V2 : Mitigation: Enhanced IBRS
[    0.985576] Spectre V2 : Spectre v2 / SpectreRSB mitigation: Filling RSB on context switch
[    1.009908] Speculative Store Bypass: Vulnerable
[    1.080199] Freeing SMP alternatives memory: 36K
[    1.183465] ftrace: allocating 32380 entries in 127 pages
[    1.747681] smpboot: APIC(0) Converting physical 0 to logical package 0
[    1.753367] smpboot: Max logical packages: 1
[    1.774977] ..TIMER: vector=0x30 apic1=0 pin1=2 apic2=-1 pin2=-1
[    1.893475] APIC calibration not consistent with PM-Timer: 101ms instead of 100ms
[    1.904651] APIC delta adjusted to PM-Timer: 6276041 (6384940)
[    1.916196] smpboot: CPU0: 11th Gen Intel(R) Core(TM) i5-1135G7 @ 2.40GHz (family: 0x6, model: 0x8c, stepping: 0x1)
[    1.937730] Performance Events: unsupported p6 CPU model 140 no PMU driver, software events only.
[    2.058949] KVM setup paravirtual spinlock
[    2.064818] x86: Booting SMP configuration:
[    2.069023] .... node  #0, CPUs:      #1
[    2.074710] kvm-clock: cpu 1, msr 0:3ffe3041, secondary cpu clock
[    2.087026] mce: CPU supports 0 MCE banks
[    2.091746] TSC synchronization [CPU#0 -> CPU#1]:
[    2.096138] Measured 42495 cycles TSC warp between CPUs, turning off TSC clock.
[    2.102948] tsc: Marking TSC unstable due to check_tsc_sync_source failed
[    2.109441] x86: Booted up 1 node, 2 CPUs
[    2.115493] smpboot: Total of 2 processors activated (9676.83 BogoMIPS)
[    0.348016] devtmpfs: initialized
[    0.352000] evm: security.selinux
[    0.352000] evm: security.SMACK64
[    0.352000] evm: security.SMACK64EXEC
[    0.352000] evm: security.SMACK64TRANSMUTE
[    0.352000] evm: security.SMACK64MMAP
[    0.352000] evm: security.ima
[    0.352000] evm: security.capability
[    0.352325] clocksource: jiffies: mask: 0xffffffff max_cycles: 0xffffffff, max_idle_ns: 7645041785100000 ns
[    0.356000] futex hash table entries: 512 (order: 3, 32768 bytes)
[    0.356000] pinctrl core: initialized pinctrl subsystem
[    0.356000] RTC time: 14:48:49, date: 05/18/22
[    0.356000] NET: Registered protocol family 16
[    0.364025] cpuidle: using governor ladder
[    0.376027] cpuidle: using governor menu
[    0.380000] PCCT header not found.
[    0.380000] ACPI: bus type PCI registered
[    0.380000] acpiphp: ACPI Hot Plug PCI Controller Driver version: 0.5
[    0.380000] PCI: Using configuration type 1 for base access
[    0.396726] ACPI: Added _OSI(Module Device)
[    0.400000] ACPI: Added _OSI(Processor Device)
[    0.400000] ACPI: Added _OSI(3.0 _SCP Extensions)
[    0.400000] ACPI: Added _OSI(Processor Aggregator Device)
[    0.400895] ACPI: Executed 1 blocks of module-level executable AML code
[    0.408253] ACPI: Interpreter enabled
[    0.412000] ACPI: (supports S0 S5)
[    0.412000] ACPI: Using IOAPIC for interrupt routing
[    0.412259] PCI: Using host bridge windows from ACPI; if necessary, use "pci=nocrs" and report a bug
[    0.425931] ACPI: PCI Root Bridge [PCI0] (domain 0000 [bus 00-ff])
[    0.428000] acpi PNP0A03:00: _OSC: OS supports [ASPM ClockPM Segments MSI]
[    0.428586] acpi PNP0A03:00: _OSC: not requesting OS control; OS requires [ExtendedConfig ASPM ClockPM MSI]
[    0.432000] acpi PNP0A03:00: fail to add MMCONFIG information, can't access extended PCI configuration space under this bridge.
[    0.432981] PCI host bridge to bus 0000:00
[    0.436000] pci_bus 0000:00: root bus resource [io  0x0000-0x0cf7 window]
[    0.436000] pci_bus 0000:00: root bus resource [io  0x0d00-0xffff window]
[    0.436000] pci_bus 0000:00: root bus resource [mem 0x000a0000-0x000bffff window]
[    0.436000] pci_bus 0000:00: root bus resource [mem 0x40000000-0xfdffffff window]
[    0.436000] pci_bus 0000:00: root bus resource [bus 00-ff]
[    0.443996] pci 0000:00:01.1: legacy IDE quirk: reg 0x10: [io  0x01f0-0x01f7]
[    0.444000] pci 0000:00:01.1: legacy IDE quirk: reg 0x14: [io  0x03f6]
[    0.444000] pci 0000:00:01.1: legacy IDE quirk: reg 0x18: [io  0x0170-0x0177]
[    0.444000] pci 0000:00:01.1: legacy IDE quirk: reg 0x1c: [io  0x0376]
[    0.463900] pci 0000:00:07.0: quirk: [io  0x4000-0x403f] claimed by PIIX4 ACPI
[    0.464000] pci 0000:00:07.0: quirk: [io  0x4100-0x410f] claimed by PIIX4 SMB
[    0.478995] ACPI: PCI Interrupt Link [LNKA] (IRQs 5 9 10 *11)
[    0.480712] ACPI: PCI Interrupt Link [LNKB] (IRQs 5 9 *10 11)
[    0.484000] ACPI: PCI Interrupt Link [LNKC] (IRQs 5 *9 10 11)
[    0.484000] ACPI: PCI Interrupt Link [LNKD] (IRQs 5 9 10 *11)
[    0.484000] ACPI: Enabled 2 GPEs in block 00 to 07
[    0.484341] vgaarb: setting as boot device: PCI:0000:00:02.0
[    0.488000] vgaarb: device added: PCI:0000:00:02.0,decodes=io+mem,owns=io+mem,locks=none
[    0.488000] vgaarb: loaded
[    0.488000] vgaarb: bridge control possible 0000:00:02.0
[    0.488000] SCSI subsystem initialized
[    0.488652] ACPI: bus type USB registered
[    0.492000] usbcore: registered new interface driver usbfs
[    0.492000] usbcore: registered new interface driver hub
[    0.492000] usbcore: registered new device driver usb
[    0.496486] PCI: Using ACPI for IRQ routing
[    0.500000] NetLabel: Initializing
[    0.500000] NetLabel:  domain hash size = 128
[    0.500000] NetLabel:  protocols = UNLABELED CIPSOv4
[    0.500000] NetLabel:  unlabeled traffic allowed by default
[    0.500199] amd_nb: Cannot enumerate AMD northbridges
[    0.503845] clocksource: Switched to clocksource kvm-clock
[    0.504000] AppArmor: AppArmor Filesystem Enabled
[    0.504000] pnp: PnP ACPI init
[    0.535717] pnp: PnP ACPI: found 3 devices
[    0.578688] clocksource: acpi_pm: mask: 0xffffff max_cycles: 0xffffff, max_idle_ns: 2085701024 ns
[    0.580805] NET: Registered protocol family 2
[    0.601441] TCP established hash table entries: 8192 (order: 4, 65536 bytes)
[    0.601441] TCP bind hash table entries: 8192 (order: 5, 131072 bytes)
[    0.601441] TCP: Hash tables configured (established 8192 bind 8192)
[    0.601441] UDP hash table entries: 512 (order: 2, 16384 bytes)
[    0.601441] UDP-Lite hash table entries: 512 (order: 2, 16384 bytes)
[    0.601441] NET: Registered protocol family 1
[    0.601441] pci 0000:00:00.0: Limiting direct PCI/PCI transfers
[    0.601441] pci 0000:00:01.0: Activating ISA DMA hang workarounds
[    0.601441] Unpacking initramfs...
[    0.601441] Freeing initrd memory: 14888K
[    0.601441] clocksource: tsc: mask: 0xffffffffffffffff max_cycles: 0x22df18699a8, max_idle_ns: 440795258745 ns
[    0.601441] platform rtc_cmos: registered platform RTC device (no PNP device found)
[    0.601441] Scanning for low memory corruption every 60 seconds
[    1.105564] audit: initializing netlink subsys (disabled)
[    1.109302] audit: type=2000 audit(1652885334.193:1): initialized
[    1.109302] Initialise system trusted keyring
[    1.128873] HugeTLB registered 2 MB page size, pre-allocated 0 pages
[    1.133213] zbud: loaded
[    1.145687] VFS: Disk quotas dquot_6.6.0
[    1.149359] VFS: Dquot-cache hash table entries: 512 (order 0, 4096 bytes)
[    1.149359] squashfs: version 4.0 (2009/01/31) Phillip Lougher
[    1.174881] fuse init (API version 7.23)
[    1.184395] Key type big_key registered
[    1.188028] Allocating IMA MOK and blacklist keyrings.
[    1.211383] Key type asymmetric registered
[    1.215377] Asymmetric key parser 'x509' registered
[    1.215377] Block layer SCSI generic (bsg) driver version 0.4 loaded (major 249)
[    1.230722] io scheduler noop registered
[    1.234445] io scheduler deadline registered (default)
[    1.234445] io scheduler cfq registered
[    1.234445] pci_hotplug: PCI Hot Plug PCI Core version: 0.5
[    1.234445] pciehp: PCI Express Hot Plug Controller Driver version: 0.4
[    1.263734] ACPI: AC Adapter [AC] (on-line)
[    1.267450] input: Power Button as /devices/LNXSYSTM:00/LNXPWRBN:00/input/input0
[    1.267589] ACPI: Power Button [PWRF]
[    1.281621] input: Sleep Button as /devices/LNXSYSTM:00/LNXSLPBN:00/input/input1
[    1.285256] ACPI: Sleep Button [SLPF]
[    1.292709] GHES: HEST is not enabled!
[    1.295042] ACPI: Battery Slot [BAT0] (battery present)
[    1.305221] Serial: 8250/16550 driver, 32 ports, IRQ sharing enabled
    1.309135]00:02: ttyS0 at I/O 0x3f8 (irq = 4, base_baud = 115200) is a 16550A
[    1.601622] Linux agpgart interface v0.103
[    1.615923] loop: module loaded
[    1.622226] scsi host0: ata_piix
[    1.625072] scsi host1: ata_piix
[    1.627978] ata1: PATA max UDMA/33 cmd 0x1f0 ctl 0x3f6 bmdma 0xd000 irq 14
[    1.628982] ata2: PATA max UDMA/33 cmd 0x170 ctl 0x376 bmdma 0xd008 irq 15
[    1.637894] libphy: Fixed MDIO Bus: probed
[    1.637894] tun: Universal TUN/TAP device driver, 1.6
[    1.637894] tun: (C) 1999-2004 Max Krasnyansky <maxk@qualcomm.com>
[    1.649990] PPP generic driver version 2.4.2
[    1.653544] ehci_hcd: USB 2.0 'Enhanced' Host Controller (EHCI) Driver
[    1.657480] ehci-pci: EHCI PCI platform driver
[    1.657480] ehci-platform: EHCI generic platform driver
[    1.657480] ohci_hcd: USB 1.1 'Open' Host Controller (OHCI) Driver
[    1.657480] ohci-pci: OHCI PCI platform driver
[    1.657480] ohci-platform: OHCI generic platform driver
[    1.657480] uhci_hcd: USB Universal Host Controller Interface driver
[    1.657480] i8042: PNP: PS/2 Controller [PNP0303:PS2K,PNP0f03:PS2M] at 0x60,0x64 irq 1,12
[    1.695556] serio: i8042 KBD port at 0x60,0x64 irq 1
[    1.698486] serio: i8042 AUX port at 0x60,0x64 irq 12
[    1.704366] mousedev: PS/2 mouse device common for all mice
[    1.713671] rtc_cmos rtc_cmos: rtc core: registered rtc_cmos as rtc0
[    1.716207] rtc_cmos rtc_cmos: alarms up to one day, 114 bytes nvram
[    1.716207] i2c /dev entries driver
[    1.716207] device-mapper: uevent: version 1.0.3
[    1.716207] device-mapper: ioctl: 4.34.0-ioctl (2015-10-28) initialised: dm-devel@redhat.com
[    1.716207] ledtrig-cpu: registered to indicate activity on CPUs
[    1.759655] NET: Registered protocol family 10
[    1.767203] NET: Registered protocol family 17
[    1.770926] Key type dns_resolver registered
[    1.770926] registered taskstats version 1
[    1.770926] Loading compiled-in X.509 certificates
[    1.770926] Loaded X.509 cert 'Build time autogenerated kernel key: cf00e047681d67edb2720680708b7d9498083038'
[    1.770926] zswap: loaded using pool lzo/zbud
[    1.846527] input: AT Translated Set 2 keyboard as /devices/platform/i8042/serio0/input/input2
[    1.877379] Key type trusted registered
[    1.890210] Key type encrypted registered
[    1.894197] AppArmor: AppArmor sha1 policy hashing enabled
[    1.894197] ima: No TPM chip found, activating TPM-bypass!
[    1.894197] ima: Allocated hash algorithm: sha1
[    1.894197] evm: HMAC attrs: 0x1
[    1.918910]   Magic number: 6:618:839
[    1.922700] rtc_cmos rtc_cmos: setting system clock to 2022-05-18 14:48:51 UTC (1652885331)
[    1.933783] BIOS EDD facility v0.16 2004-Jun-25, 0 devices found
[    1.937653] EDD information not available.
[    1.946269] Freeing unused kernel memory: 1492K
[    1.956552] Write protecting the kernel read-only data: 14336k
[    1.960543] Freeing unused kernel memory: 1584K
[    1.960543] Freeing unused kernel memory: 52K
Loading, please wait...
starting version 229
[    2.006356] random: systemd-udevd: uninitialized urandom read (16 bytes read, 5 bits of entropy available)
[    2.006915] random: udevadm: uninitialized urandom read (16 bytes read, 5 bits of entropy available)
[    2.006934] random: udevadm: uninitialized urandom read (16 bytes read, 5 bits of entropy available)
[    2.017155] random: udevadm: uninitialized urandom read (16 bytes read, 5 bits of entropy available)
[    2.017192] random: udevadm: uninitialized urandom read (16 bytes read, 5 bits of entropy available)
[    2.017340] random: udevadm: uninitialized urandom read (16 bytes read, 5 bits of entropy available)
[    2.017380] random: udevadm: uninitialized urandom read (16 bytes read, 5 bits of entropy available)
[    2.017416] random: udevadm: uninitialized urandom read (16 bytes read, 5 bits of entropy available)
[    2.017504] random: udevadm: uninitialized urandom read (16 bytes read, 5 bits of entropy available)
[    2.017549] random: udevadm: uninitialized urandom read (16 bytes read, 5 bits of entropy available)
[    2.240403] Fusion MPT base driver 3.04.20
[    2.242379] Copyright (c) 1999-2008 LSI Corporation
[    2.263431] e1000: Intel(R) PRO/1000 Network Driver - version 7.3.21-k8-NAPI
[    2.264236] e1000: Copyright (c) 1999-2006 Intel Corporation.
[    2.297431] Fusion MPT SPI Host driver 3.04.20
[    2.970818] e1000 0000:00:03.0 eth0: (PCI:33MHz:32-bit) 02:be:82:6b:cc:1d
[    2.974316] e1000 0000:00:03.0 eth0: Intel(R) PRO/1000 Network Connection
[    3.003850] input: ImExPS/2 Generic Explorer Mouse as /devices/platform/i8042/serio1/input/input4
[    3.743576] e1000 0000:00:08.0 eth1: (PCI:33MHz:32-bit) 08:00:27:86:2e:8c
[    3.747328] e1000 0000:00:08.0 eth1: Intel(R) PRO/1000 Network Connection
[    3.769619] e1000 0000:00:03.0 enp0s3: renamed from eth0
[    3.775446] mptbase: ioc0: Initiating bringup
[    3.780384] e1000 0000:00:08.0 enp0s8: renamed from eth1
[    3.842834] ioc0: LSI53C1030 A0: Capabilities={Initiator}
[    4.023685] scsi host2: ioc0: LSI53C1030 A0, FwRev=00000000h, Ports=1, MaxQ=256, IRQ=20
[    4.147989] scsi 2:0:0:0: Direct-Access     VBOX     HARDDISK         1.0  PQ: 0 ANSI: 5
[    4.151693] scsi target2:0:0: Beginning Domain Validation
[    4.177627] scsi target2:0:0: Domain Validation skipping write tests
[    4.181321] scsi target2:0:0: Ending Domain Validation
[    4.197564] scsi target2:0:0: asynchronous
[    4.204857] scsi 2:0:1:0: Direct-Access     VBOX     HARDDISK         1.0  PQ: 0 ANSI: 5
[    4.208595] scsi target2:0:1: Beginning Domain Validation
[    4.235225] scsi target2:0:1: Domain Validation skipping write tests
[    4.238871] scsi target2:0:1: Ending Domain Validation
[    4.251651] scsi target2:0:1: asynchronous
[    4.303930] sd 2:0:0:0: Attached scsi generic sg0 type 0
[    4.339059] sd 2:0:0:0: [sda] 83886080 512-byte logical blocks: (42.9 GB/40.0 GiB)
[    4.351806] sd 2:0:1:0: Attached scsi generic sg1 type 0
[    4.362369] sd 2:0:1:0: [sdb] 20480 512-byte logical blocks: (10.5 MB/10.0 MiB)
[    4.374175] sd 2:0:0:0: [sda] Write Protect is off
[    4.377648] sd 2:0:1:0: [sdb] Write Protect is off
[    4.378389] sd 2:0:1:0: [sdb] Incomplete mode parameter data
[    4.378391] sd 2:0:1:0: [sdb] Assuming drive cache: write through
[    4.397747] sd 2:0:1:0: [sdb] Attached SCSI disk
[    4.411958] sd 2:0:0:0: [sda] Incomplete mode parameter data
[    4.415946] sd 2:0:0:0: [sda] Assuming drive cache: write through
[    4.434166]  sda: sda1
[    4.444145] sd 2:0:0:0: [sda] Attached SCSI disk
Begin: Loading essential drivers ... [    6.476940] md: linear personality registered for level -1
[    6.501116] md: multipath personality registered for level -4
[    6.518608] md: raid0 personality registered for level 0
[    6.545232] md: raid1 personality registered for level 1
[    6.628079] raid6: sse2x1   gen()  5168 MB/s
[    6.700886] raid6: sse2x1   xor()  5874 MB/s
[    6.704825] raid6: sse2x2   gen()  8505 MB/s
[    6.704825] raid6: sse2x2   xor()  7398 MB/s
[    6.704825] raid6: sse2x4   gen() 11839 MB/s
[    6.704825] raid6: sse2x4   xor()  6605 MB/s
[    6.704825] raid6: using algorithm sse2x4 gen() 11839 MB/s
[    6.704825] raid6: .... xor() 6605 MB/s, rmw enabled
[    6.704825] raid6: using ssse3x2 recovery algorithm
[    7.014857] xor: measuring software checksum speed
[    7.016276]    prefetch64-sse: 16584.000 MB/sec
[    7.016276]    generic_sse: 19154.000 MB/sec
[    7.016276] xor: using function: generic_sse (19154.000 MB/sec)
[    7.115287] async_tx: api initialized (async)
[    7.157406] md: raid6 personality registered for level 6
[    7.161305] md: raid5 personality registered for level 5
[    7.161305] md: raid4 personality registered for level 4
[    7.193127] md: raid10 personality registered for level 10
done.
Begin: Running /scripts/init-premount ... done.
Begin: Mounting root file system ... Begin: Running /scripts/local-top ... done.
Begin: Running /scripts/local-premount ... [    7.279730] Btrfs loaded
Scanning for Btrfs filesystems
done.
Warning: fsck not present, so skipping root file system
[    7.384467] EXT4-fs (sda1): mounted filesystem with ordered data mode. Opts: (null)
done.
Begin: Running /scripts/local-bottom ... done.
Begin: Running /scripts/init-bottom ... done.
[    7.645122] systemd[1]: systemd 229 running in system mode. (+PAM +AUDIT +SELINUX +IMA +APPARMOR +SMACK +SYSVINIT +UTMP +LIBCRYPTSETUP +GCRYPT +GNUTLS +ACL +XZ -LZ4 +SECCOMP +BLKID +ELFUTILS +KMOD -IDN)
[    7.648135] systemd[1]: Detected virtualization oracle.
[    7.648135] systemd[1]: Detected architecture x86-64.

Welcome to [1mUbuntu 16.04.7 LTS[0m!

[    7.683905] systemd[1]: Set hostname to <ubuntu>.
[    7.693003] systemd[1]: Initializing machine ID from random generator.
[    7.696904] systemd[1]: Installed transient /etc/machine-id file.
[    7.950475] systemd[1]: Created slice User and Session Slice.
[[0;32m  OK  [0m] Created slice User and Session Slice.
[    7.966347] systemd[1]: Reached target System Time Synchronized.
[[0;32m  OK  [0m] Reached target System Time Synchronized.
[    7.976795] systemd[1]: Reached target Swap.
[[0;32m  OK  [0m] Reached target Swap.
[    7.985591] systemd[1]: Created slice System Slice.
[[0;32m  OK  [0m] Created slice System Slice.
[    7.996746] systemd[1]: Reached target Slices.
[[0;32m  OK  [0m] Reached target Slices.
[    8.003951] systemd[1]: Started Forward Password Requests to Wall Directory Watch.
[[0;32m  OK  [0m] Started Forward Password Requests to Wall Directory Watch.
[    8.017822] systemd[1]: Reached target User and Group Name Lookups.
[[0;32m  OK  [0m] Reached target User and Group Name Lookups.
[    8.031534] systemd[1]: Listening on Journal Socket.
[[0;32m  OK  [0m] Listening on Journal Socket.
[    8.052976] systemd[1]: Mounting Debug File System...
         Mounting Debug File System...
[    8.060657] systemd[1]: Mounting Huge Pages File System...
         Mounting Huge Pages File System...
[    8.069614] systemd[1]: Starting Set console keymap...
         Starting Set console keymap...
[    8.079171] systemd[1]: Starting Uncomplicated firewall...
         Starting Uncomplicated firewall...
[    8.088396] systemd[1]: Starting Nameserver information manager...
         Starting Nameserver information manager...
[    8.124908] systemd[1]: Started Trigger resolvconf update for networkd DNS.
[[0;32m  OK  [0m] Started Trigger resolvconf update for networkd DNS.
[    8.137997] systemd[1]: Set up automount Arbitrary Executable File Formats File System Automount Point.
[[0;32m  OK  [0m] Set up automount Arbitrary Executab...ats File System Automount Point.
[    8.149044] systemd[1]: Listening on Device-mapper event daemon FIFOs.
[[0;32m  OK  [0m] Listening on Device-mapper event daemon FIFOs.
[    8.157690] systemd[1]: Listening on Journal Socket (/dev/log).
[[0;32m  OK  [0m] Listening on Journal Socket (/dev/log).
[    8.164489] systemd[1]: Listening on udev Kernel Socket.
[[0;32m  OK  [0m] Listening on udev Kernel Socket.
[    8.180360] systemd[1]: Mounting POSIX Message Queue File System...
         Mounting POSIX Message Queue File System...
[    8.187667] systemd[1]: Listening on /dev/initctl Compatibility Named Pipe.
[[0;32m  OK  [0m] Listening on /dev/initctl Compatibility Named Pipe.
[    8.195300] systemd[1]: Created slice system-serial\x2dgetty.slice.
[[0;32m  OK  [0m] Created slice system-serial\x2dgetty.slice.
[    8.202670] systemd[1]: Listening on LVM2 poll daemon socket.
[[0;32m  OK  [0m] Listening on LVM2 poll daemon socket.
[    8.209408] systemd[1]: Listening on Journal Audit Socket.
[[0;32m  OK  [0m] Listening on Journal Audit Socket.
[    8.232984] systemd[1]: Starting Create list of required static device nodes for the current kernel...
         Starting Create list of required st... nodes for the current kernel...
[    8.246490] systemd[1]: Listening on fsck to fsckd communication Socket.
[[0;32m  OK  [0m] Listening on fsck to fsckd communication Socket.
[    8.255069] systemd[1]: Starting File System Check on Root Device...
         Starting File System Check on Root Device...
[    8.269287] systemd[1]: Listening on LVM2 metadata daemon socket.
[[0;32m  OK  [0m] Listening on LVM2 metadata daemon socket.
[    8.280784] systemd[1]: Starting Monitoring of LVM2 mirrors, snapshots etc. using dmeventd or progress polling...
         Starting Monitoring of LVM2 mirrors... dmeventd or progress polling...
[    8.293020] systemd[1]: Listening on udev Control Socket.
[[0;32m  OK  [0m] Listening on udev Control Socket.
[    8.302735] systemd[1]: Reached target Encrypted Volumes.
[[0;32m  OK  [0m] Reached target Encrypted Volumes.
[    8.317015] systemd[1]: Listening on Syslog Socket.
[[0;32m  OK  [0m] Listening on Syslog Socket.
[    8.341951] systemd[1]: Starting Journal Service...
         Starting Journal Service...
[    8.360997] systemd[1]: Starting Load Kernel Modules...
         Starting Load Kernel Modules...
[    8.379210] systemd[1]: Mounted Huge Pages File System.
[[0;32m  OK  [0m] Mounted Huge Pages File System.
[    8.389405] systemd[1]: Mounted POSIX Message Queue File System.
[[0;32m  OK  [0m] Mounted POSIX Message Queue File System.
[    8.412700] Loading iSCSI transport class v2.0-870.
[    8.416628] systemd[1]: Mounted Debug File System.
[[0;32m  OK  [0m] Mounted Debug File System.
[    8.437564] systemd[1]: Started Journal Service.
[[0;32m  OK  [0m] Started Journal Service.
[[0;32m  OK  [0m] Started Set console keymap.
[    8.460550] iscsi: registered transport (tcp)
[[0;32m  OK  [0m] Started Uncomplicated firewall.
[[0;32m  OK  [0m] Started Create list of required sta...ce nodes for the current kernel.
[[0;32m  OK  [0m] Started File System Check on Root Device.
[[0;32m  OK  [0m] Started Nameserver information manager.
[    8.521475] random: nonblocking pool is initialized
[[0;32m  OK  [0m] Started File System Check Daemon to report status.
[[0;32m  OK  [0m] Started LVM2 metadata daemon.
         Starting Remount Root and Kernel File Systems...
         Starting Create Static Device Nodes in /dev...
[    8.581082] EXT4-fs (sda1): re-mounted. Opts: (null)
[[0;32m  OK  [0m] Started Remount Root and Kernel File Systems.
         Starting Load/Save Random Seed...
         Starting udev Coldplug all Devices...
         Starting Flush Journal to Persistent Storage...
[[0;32m  OK  [0m] Started Load/Save Random Seed.
[[0;32m  OK  [0m] Started Create Static Device Nodes in /dev.
[    8.668304] iscsi: registered transport (iser)
         Starting udev Kernel Device Manager...
[[0;32m  OK  [0m] Started Load Kernel Modules.
[    8.706536] systemd-journald[384]: Received request to flush runtime journal from PID 1
         Starting Apply Kernel Variables...
         Mounting FUSE Control File System...
[[0;32m  OK  [0m] Mounted FUSE Control File System.
[[0;32m  OK  [0m] Started Flush Journal to Persistent Storage.
[[0;32m  OK  [0m] Started udev Coldplug all Devices.
[[0;32m  OK  [0m] Started Apply Kernel Variables.
[[0;32m  OK  [0m] Started udev Kernel Device Manager.
[[0;32m  OK  [0m] Started Dispatch Password Requests to Console Directory Watch.
[[0;32m  OK  [0m] Started Monitoring of LVM2 mirrors,...ng dmeventd or progress polling.
[[0;32m  OK  [0m] Reached target Local File Systems (Pre).
[[0;32m  OK  [0m] Reached target Local File Systems.
         Starting Create Volatile Files and Directories...
         Starting Tell Plymouth To Write Out Runtime Data...
         Starting Set console font and keymap...
         Starting LSB: AppArmor initialization...
         Starting Commit a transient machine-id on disk...
         Starting Initial cloud-init job (pre-networking)...
[[0;32m  OK  [0m] Started Create Volatile Files and Directories.
[[0;32m  OK  [0m] Started Tell Plymouth To Write Out Runtime Data.
[[0;32m  OK  [0m] Found device /dev/ttyS0.
[[0;32m  OK  [0m] Started Commit a transient machine-id on disk.
         Starting Update UTMP about System Boot/Shutdown...
[[0;32m  OK  [0m] Listening on Load/Save RF Kill Switch Status /dev/rfkill Watch.
[[0;32m  OK  [0m] Started Update UTMP about System Boot/Shutdown.
[[0;32m  OK  [0m] Started LSB: AppArmor initialization.
[   11.399264] cloud-init[497]: Cloud-init v. 21.1-19-gbad84ad4-0ubuntu1~16.04.2 running 'init-local' at Wed, 18 May 2022 14:49:00 +0000. Up 10.84 seconds.
[[0;32m  OK  [0m] Started Initial cloud-init job (pre-networking).
[[0;32m  OK  [0m] Reached target Network (Pre).
         Starting Raise network interfaces...
         Starting Load AppArmor profiles managed internally by snapd...
[[0;32m  OK  [0m] Started Load AppArmor profiles managed internally by snapd.
[[0;32m  OK  [0m] Started Set console font and keymap.
[[0;32m  OK  [0m] Created slice system-getty.slice.
[[0;32m  OK  [0m] Started Raise network interfaces.
         Starting Initial cloud-init job (metadata service crawler)...
[[0;32m  OK  [0m] Reached target Network.
[   13.929760] cloud-init[942]: Cloud-init v. 21.1-19-gbad84ad4-0ubuntu1~16.04.2 running 'init' at Wed, 18 May 2022 14:49:02 +0000. Up 13.11 seconds.
[   14.001578] cloud-init[942]: ci-info: ++++++++++++++++++++++++++++++++++++++Net device info+++++++++++++++++++++++++++++++++++++++
[[0;32m  OK  [0m] Started Initial cloud-init job (metadata service crawler).
[[0;32m  OK  [0m] Reached target Cloud-config availability.
[[0;32m  OK  [0m] Reached target Network is Online.
[   14.012031] cloud-init[942]: ci-info: +--------+-------+----------------------------+---------------+--------+-------------------+
[   14.028728] cloud-init[942]: ci-info: | Device |   Up  |          Address           |      Mask     | Scope  |     Hw-Address    |
         Starting iSCSI initiator daemon (iscsid)...
[[0;32m  OK  [0m] Reached target System Initialization.
[   14.043652] cloud-init[942]: ci-info: +--------+-------+----------------------------+---------------+--------+-------------------+
         Starting LXD - unix socket.
[[0;32m  OK  [0m] Started Daily apt download activities.
[   14.061680] cloud-init[942]: ci-info: | enp0s3 |  True |         10.0.2.15          | 255.255.255.0 | global | 02:be:82:6b:cc:1d |
[[0;32m  OK  [0m] Started Daily apt upgrade and clean activities.
[   14.905892] cloud-init[942]: ci-info: | enp0s3 |  True | fe80::be:82ff:fe6b:cc1d/64 |       .       |  link  | 02:be:82:6b:cc:1d |
[   14.919008] cloud-init[942]: ci-info: | enp0s8 | False |             .              |       .       |   .    | 08:00:27:86:2e:8c |
[[0;32m  OK  [0m] Started ACPI Events Check.
[[0;32m  OK  [0m] Reached target Paths.
[[0;32m  OK  [0m] Listening on D-Bus System Message Bus Socket.
[[0;32m  OK  [0m] Started Daily Cleanup of Temporary Directories.
[[0;32m  OK  [0m] Started Ubuntu Advantage update messaging.
         Starting Socket activation for snappy daemon.
[[0;32m  OK  [0m] Started Message of the Day.
[[0;32m  OK  [0m] Reached target Timers.
[[0;32m  OK  [0m] Listening on ACPID Listen Socket.
[[0;32m  OK  [0m] Listening on UUID daemon activation socket.
[   14.920571] cloud-init[942]: ci-info: |   lo   |  True |         127.0.0.1          |   255.0.0.0   |  host  |         .         |
[   14.942459] cloud-init[942]: ci-info: |   lo   |  True |          ::1/128           |       .       |  host  |         .         |
[[0;32m  OK  [0m] Listening on LXD - unix socket.
[[0;32m  OK  [0m] Listening on Socket activation for snappy daemon.
[[0;32m  OK  [0m] Reached target Sockets.
[[0;32m  OK  [0m] Reached target Basic System.
         Starting System Logging Service...
         Starting LSB: Record successful boot for GRUB...
         Starting LSB: MD monitoring daemon...
[   14.947588] cloud-init[942]: ci-info: +--------+-------+----------------------------+---------------+--------+-------------------+
[[0;32m  OK  [0m] Started ACPI event daemon.
[[0;32m  OK  [0m] Started Regular background program processing daemon.
         Starting Pollinate to seed the pseudo random number generator...
[[0;32m  OK  [0m] Started FUSE filesystem for LXC.
         Starting Login Service...
         Starting Virtualbox guest utils...
         Starting /etc/rc.local Compatibility...
[[0;32m  OK  [0m] Started D-Bus System Message Bus.
[   14.960284] cloud-init[942]: ci-info: +++++++++++++++++++++++++++Route IPv4 info++++++++++++++++++++++++++++
[   15.005158] cloud-init[942]: ci-info: +-------+-------------+----------+---------------+-----------+-------+
[   15.011742] cloud-init[942]: ci-info: | Route | Destination | Gateway  |    Genmask    | Interface | Flags |
[   15.018520] cloud-init[942]: ci-info: +-------+-------------+----------+---------------+-----------+-------+
[   15.025483] cloud-init[942]: ci-info: |   0   |   0.0.0.0   | 10.0.2.2 |    0.0.0.0    |   enp0s3  |   UG  |
[   15.034078] cloud-init[942]: ci-info: |   1   |   10.0.2.0  | 0.0.0.0  | 255.255.255.0 |   enp0s3  |   U   |
[   15.038227] cloud-init[942]: ci-info: +-------+-------------+----------+---------------+-----------+-------+
[   15.044790] cloud-init[942]: ci-info: +++++++++++++++++++Route IPv6 info+++++++++++++++++++
[   15.049989] cloud-init[942]: ci-info: +-------+-------------+---------+-----------+-------+
[   15.054504] cloud-init[942]: ci-info: | Route | Destination | Gateway | Interface | Flags |
[   15.059725] cloud-init[942]: ci-info: +-------+-------------+---------+-----------+-------+
[   15.064057] cloud-init[942]: ci-info: |   0   |  fe80::/64  |    ::   |   enp0s3  |   U   |
[   15.069483] cloud-init[942]: ci-info: |   3   |   ff00::/8  |    ::   |   enp0s3  |   U   |
[   15.073658] cloud-init[942]: ci-info: +-------+-------------+---------+-----------+-------+
[   15.077175] cloud-init[942]: Generating public/private rsa key pair.
[   15.081929] cloud-init[942]: Your identification has been saved in /etc/ssh/ssh_host_rsa_key.
[   15.088178] cloud-init[942]: Your public key has been saved in /etc/ssh/ssh_host_rsa_key.pub.
[   15.094608] cloud-init[942]: The key fingerprint is:
[   15.102537] cloud-init[942]: SHA256:WeWKphYWKhqYrswezf47wNWiHejtpfqiDeYY4xT4vDc root@ubuntu-xenial
[   15.108151]          cloud-init[942]: Starting Accounts Service...The key's randomart image is:

[[0;32m  OK  [0m] Started Deferred execution scheduler.
[   15.109219] cloud-init[942]: +---[RSA 2048]----+
[   15.125644] cloud-init[942]: |            .    |
[   15.125747] cloud-init[942]: |           o     |
[   15.125784] cloud-init[942]: |    . o   . .    |
[   15.125812] cloud-init[942]: |o. . = o + .     |
[   15.125833] cloud-init[942]: |=.+ * = S .      |
[   15.125852] cloud-init[942]: |.=+* + =         |
[   15.125871] cloud-init[942]: |+*ooo =          |
[   15.125894] cloud-init[942]: |Xo=oE=           |
[   15.125912] cloud-init[942]: |+Bo===o          |
[   15.125932] cloud-init[942]: +----[SHA256]-----+
[   15.125953] cloud-init[942]: Generating public/private dsa key pair.
[   15.125973] cloud-init[942]: Your identification has been saved in /etc/ssh/ssh_host_dsa_key.
[   15.125993] cloud-init[942]: Your public key has been saved in /etc/ssh/ssh_host_dsa_key.pub.
[   15.126012] cloud-init[942]: The key fingerprint is:
[   15.126350] cloud-init[942]: SHA256:irxBsw1Lrqj4QJSiJdBkTRyHDi7ifAUyMHUtMkxFHow root@ubuntu-xenial
[   15.126573] cloud-init[942]: The key's randomart image is:
[   15.126797] cloud-init[942]: +---[DSA 1024]----+
[   15.127023] cloud-init[942]: |=*=OB+.          |
[   15.127362] cloud-init[942]: |.=E+*o.          |
[   15.127642] cloud-init[942]: |o++=o.           |
[   15.127931] cloud-init[942]: |*o. ..           |
[   15.127958] cloud-init[942]: |=o  *   S        |
[   15.127989] cloud-init[942]: |.o * B .         |
[   15.128018] cloud-init[942]: |. . B o          |
[   15.128046] cloud-init[942]: |.o . o           |
[   15.128076] cloud-init[942]: |=.o .            |
[   15.128112] cloud-init[942]: +----[SHA256]-----+
[   15.128157] cloud-init[942]: Generating public/private ecdsa key pair.
[   15.128208] cloud-init[942]: Your identification has been saved in /etc/ssh/ssh_host_ecdsa_key.
[   15.128240] cloud-init[942]: Your public key has been saved in /etc/ssh/ssh_host_ecdsa_key.pub.
[   15.128278] cloud-init[942]: The key fingerprint is:
[   15.128306] cloud-init[942]: SHA256:P4xw5HXR/EfXclskdfGLvPksA03pNRRIxBU0yboqU8c root@ubuntu-xenial
[   15.128337] cloud-init[942]: The key's randomart image is:
         Starting Snap Daemon...
[   15.129126] cloud-init[942]: +---[ECDSA 256]---+
[   15.173011] cloud-init[942]: |            ==*XX|
[   15.173583] cloud-init[942]: |             ++=X|
         Starting LXD - container startup/shutdown...
[[0;32m  OK  [0m] Started System Logging Service.
[[0;32m  OK  [0m] Started iSCSI initiator daemon (iscsid).
[[0;32m  OK  [0m] Started /etc/rc.local Compatibility.
[   15.175584] cloud-init[942]: |        . . . +==|
[   15.199851] cloud-init[942]: |       o . ..+.++|
[   15.213791] cloud-init[942]: |      . S   =oo.o|
         Starting Login to default iSCSI targets...
[[0;32m  OK  [0m] Started Login Service.
[[0;32m  OK  [0m] Started Unattended Upgrades Shutdown.
[   15.227913] cloud-init[942]: |       o + o Eo  |
[[0;32m  OK  [0m] Started LSB: Record successful boot for GRUB.
[[0;32m  OK  [0m] Started LSB: MD monitoring daemon.
[   15.291584] cloud-init[942]: |        . = +o   |
[   15.302907] cloud-init[942]: |         o o oo  |
[   17.650899] cloud-init[942]: |          o   oo |
[[   17.783779] [0;32m  OK  [0mcloud-init] [942]: Started Login to default iSCSI targets.+----[SHA256]-----+

[   17.796919] cloud-init[942]: Generating public/private ed25519 key pair.
[   17.809121] [cloud-init[0;32m  OK  [0m[942]: ] Your identification has been saved in /etc/ssh/ssh_host_ed25519_key.Started LXD - container startup/shutdown.

[   17.810026] cloud-init[942]: Your public key has been saved in /etc/ssh/ssh_host_ed25519_key.pub.
[   17.822457] cloud-init[942]: The key fingerprint is:
[   17.826883]          cloud-initStarting Authenticate and Authorize Users to Run Privileged Tasks...[942]: 
SHA256:G+Uotz2o06/3kJdAvKYmmYPPw1wRDR1u33GNh4QbBvQ root@ubuntu-xenial
[[   17.836668] cloud-init[942]: The key's randomart image is:
[0;32m  OK  [0m] Reached target Remote File Systems (Pre).
[[   17.840466] cloud-init[942]: +--[ED25519 256]--+
[   17.846194] cloud-init[942]: |        .=+o ..  |
[   17.846583] cloud-init[942]: |        .oo.+. o.|
[   17.847222] cloud-init[942]: |         .*.Eo+ +|
[   17.847494] cloud-init[942]: |        .* o.. + |
[   17.847803] cloud-init[942]: |      . S.= . .  |
[   17.848537] cloud-init[942]: |     . =.O o .   |
[   17.848798] cloud-init[942]: |    .o=o* = o    |
[   17.849137] cloud-init[942]: |     o==. .+     |
[   17.849379] cloud-init[942]: |      +o.+...    |
[   17.849625] cloud-init[942]: +----[SHA256]-----+
[0;32m  OK  [0m] Reached target Remote File Systems.
         Starting LSB: automatic crash report generation...
         Starting LSB: Set the CPU Frequency Scaling governor to "ondemand"...
         Starting LSB: daemon to balance interrupts for SMP systems...
         Starting Permit User Sessions...
[[0;32m  OK  [0m] Started Virtualbox guest utils.
[[0;32m  OK  [0m] Started Permit User Sessions.
[[0;32m  OK  [0m] Started Authenticate and Authorize Users to Run Privileged Tasks.
[[0;32m  OK  [0m] Started Accounts Service.
         Starting Hold until boot process finishes up...
         Starting Terminate Plymouth Boot Screen...
[[0;32m  OK  [0m] Started LSB: Set the CPU Frequency Scaling governor to "ondemand".
[[0;32m  OK  [0m] Started LSB: automatic crash report generation.
[[0;32m  OK  [0m] Started Hold until boot process finishes up.
[[0;32m  OK  [0m] Started Terminate Plymouth Boot Screen.
[[0;32m  OK  [0m] Started Getty on tty1.
         Starting Set console scheme...
[[0;32m  OK  [0m] Started Serial Getty on ttyS0.
[[0;32m  OK  [0m] Reached target Login Prompts.
[[0;32m  OK  [0m] Started LSB: daemon to balance interrupts for SMP systems.
[[0;32m  OK  [0m] Started Set console scheme.
[[0;32m  OK  [0m] Started Snap Daemon.
         Starting Wait until snapd is fully seeded...
[[0;32m  OK  [0m] Started Pollinate to seed the pseudo random number generator.
         Starting OpenBSD Secure Shell server...
[[0;32m  OK  [0m] Started OpenBSD Secure Shell server.
[[0;32m  OK  [0m] Created slice User Slice of vagrant.
         Starting User Manager for UID 1000...
[[0;32m  OK  [0m] Started Session 1 of user vagrant.
[[0;32m  OK  [0m] Started User Manager for UID 1000.
[[0;32m  OK  [0m] Started Wait until snapd is fully seeded.
[[0;32m  OK  [0m] Reached target Multi-User System.
[[0;32m  OK  [0m] Reached target Graphical Interface.
         Starting Update UTMP about System Runlevel Changes...
         Starting Apply the settings specified in cloud-config...
[[0;32m  OK  [0m] Started Update UTMP about System Runlevel Changes.
[   22.337322] cloud-init[1406]: Generating locales (this might take a while)...
[   23.644397] cloud-init[1406]:   en_US.UTF-8... done
[   23.644847] cloud-init[1406]: Generation complete.
[   24.116412] cloud-init[1406]: Cloud-init v. 21.1-19-gbad84ad4-0ubuntu1~16.04.2 running 'modules:config' at Wed, 18 May 2022 14:49:11 +0000. Up 22.17 seconds.

Ubuntu 16.04.7 LTS ubuntu-xenial ttyS0

ubuntu-xenial login: ci-info: no authorized SSH keys fingerprints found for user ubuntu.
<14>May 18 14:49:14 ec2: 
<14>May 18 14:49:14 ec2: #############################################################
<14>May 18 14:49:14 ec2: -----BEGIN SSH HOST KEY FINGERPRINTS-----
<14>May 18 14:49:14 ec2: 1024 SHA256:irxBsw1Lrqj4QJSiJdBkTRyHDi7ifAUyMHUtMkxFHow root@ubuntu-xenial (DSA)
<14>May 18 14:49:14 ec2: 256 SHA256:P4xw5HXR/EfXclskdfGLvPksA03pNRRIxBU0yboqU8c root@ubuntu-xenial (ECDSA)
<14>May 18 14:49:14 ec2: 256 SHA256:G+Uotz2o06/3kJdAvKYmmYPPw1wRDR1u33GNh4QbBvQ root@ubuntu-xenial (ED25519)
<14>May 18 14:49:14 ec2: 2048 SHA256:WeWKphYWKhqYrswezf47wNWiHejtpfqiDeYY4xT4vDc root@ubuntu-xenial (RSA)
<14>May 18 14:49:14 ec2: -----END SSH HOST KEY FINGERPRINTS-----
<14>May 18 14:49:14 ec2: #############################################################
-----BEGIN SSH HOST KEY KEYS-----
ecdsa-sha2-nistp256 AAAAE2VjZHNhLXNoYTItbmlzdHAyNTYAAAAIbmlzdHAyNTYAAABBBOjTYdHKwETM1yAdXqcIihK+7VxMqtU1QsdaaHD4mwY/HNEi2UzHsCoAr5fK2Mqzn4s9XBfOR4WRO86yZAxl+VE= root@ubuntu-xenial
ssh-ed25519 AAAAC3NzaC1lZDI1NTE5AAAAIF48+sr5X9F1OaB8TwiohfjA3MvP8dhuos7nETdCzLs3 root@ubuntu-xenial
ssh-rsa AAAAB3NzaC1yc2EAAAADAQABAAABAQDOApRee89hWlzP6Xx9ytf2ubMQbkO8UqFfOWVpsp4/Qe7hejm8ooQWm+VNnc+ilVODD1xPRWvllJ9Gk9YU8BkkRjdQAqJ55u1WJtzsUIu7ARw00PAU4F6G2dBryK6MXNJ1L61UbK8DDi8TV653Foc/YIpo5K4DVrdPS4qizmXo7eZMBBQNK0Ct0XeocUsrC20kdO3BqtqgJCFqovRCMb89zONb/6ieYmGqx5ZxOmymTmRR10hr4JoACqTfanWMNvdzxgxaa/m6sUhM1YsTotWN3kktJfI5XboQQWRLnkZ/9H1cpKpkpKLRttgK7BWiLXZcdsLbJ9RtTzruz44sj9yn root@ubuntu-xenial
-----END SSH HOST KEY KEYS-----
[   24.833242] cloud-init[1539]: Cloud-init v. 21.1-19-gbad84ad4-0ubuntu1~16.04.2 running 'modules:final' at Wed, 18 May 2022 14:49:14 +0000. Up 24.62 seconds.
[   24.833423] cloud-init[1539]: ci-info: no authorized SSH keys fingerprints found for user ubuntu.
[   24.833500] cloud-init[1539]: Cloud-init v. 21.1-19-gbad84ad4-0ubuntu1~16.04.2 finished at Wed, 18 May 2022 14:49:14 +0000. Datasource DataSourceNoCloud [seed=/dev/sdb][dsmode=net].  Up 24.82 seconds
