[    0.000000] Initializing cgroup subsys cpuset
[    0.000000] Initializing cgroup subsys cpu
[    0.000000] Initializing cgroup subsys cpuacct
[    0.000000] Linux version 4.4.0-210-generic (buildd@lgw01-amd64-009) (gcc version 5.4.0 20160609 (Ubuntu 5.4.0-6ubuntu1~16.04.12) ) #242-Ubuntu SMP Fri Apr 16 09:57:56 UTC 2021 (Ubuntu 4.4.0-210.242-generic 4.4.262)
[    0.000000] Command line: BOOT_IMAGE=/boot/vmlinuz-4.4.0-210-generic root=LABEL=cloudimg-rootfs ro console=tty1 console=ttyS0
[    0.000000] KERNEL supported cpus:
[    0.000000]   Intel GenuineIntel
[    0.000000]   AMD AuthenticAMD
[    0.000000]   Centaur CentaurHauls
[    0.000000] x86/fpu: Legacy x87 FPU detected.
[    0.000000] e820: BIOS-provided physical RAM map:
[    0.000000] BIOS-e820: [mem 0x0000000000000000-0x000000000009fbff] usable
[    0.000000] BIOS-e820: [mem 0x000000000009fc00-0x000000000009ffff] reserved
[    0.000000] BIOS-e820: [mem 0x00000000000f0000-0x00000000000fffff] reserved
[    0.000000] BIOS-e820: [mem 0x0000000000100000-0x000000003ffeffff] usable
[    0.000000] BIOS-e820: [mem 0x000000003fff0000-0x000000003fffffff] ACPI data
[    0.000000] BIOS-e820: [mem 0x00000000fec00000-0x00000000fec00fff] reserved
[    0.000000] BIOS-e820: [mem 0x00000000fee00000-0x00000000fee00fff] reserved
[    0.000000] BIOS-e820: [mem 0x00000000fffc0000-0x00000000ffffffff] reserved
[    0.000000] NX (Execute Disable) protection: active
[    0.000000] SMBIOS 2.5 present.
[    0.000000] Hypervisor detected: KVM
[    0.000000] Kernel/User page tables isolation: disabled
[    0.000000] e820: last_pfn = 0x3fff0 max_arch_pfn = 0x400000000
[    0.000000] MTRR: Disabled
[    0.000000] x86/PAT: MTRRs disabled, skipping PAT initialization too.
[    0.000000] CPU MTRRs all blank - virtualized system.
[    0.000000] x86/PAT: Configuration [0-7]: WB  WT  UC- UC  WB  WT  UC- UC  
[    0.000000] found SMP MP-table at [mem 0x0009fff0-0x0009ffff] mapped at [ffff88000009fff0]
[    0.000000] Scanning 1 areas for low memory corruption
[    0.000000] RAMDISK: [mem 0x362dc000-0x37165fff]
[    0.000000] ACPI: Early table checksum verification disabled
[    0.000000] ACPI: RSDP 0x00000000000E0000 000024 (v02 VBOX  )
[    0.000000] ACPI: XSDT 0x000000003FFF0030 00003C (v01 VBOX   VBOXXSDT 00000001 ASL  00000061)
[    0.000000] ACPI: FACP 0x000000003FFF00F0 0000F4 (v04 VBOX   VBOXFACP 00000001 ASL  00000061)
[    0.000000] ACPI: DSDT 0x000000003FFF0470 002325 (v02 VBOX   VBOXBIOS 00000002 INTL 20100528)
[    0.000000] ACPI: FACS 0x000000003FFF0200 000040
[    0.000000] ACPI: FACS 0x000000003FFF0200 000040
[    0.000000] ACPI: APIC 0x000000003FFF0240 00005C (v02 VBOX   VBOXAPIC 00000001 ASL  00000061)
[    0.000000] ACPI: SSDT 0x000000003FFF02A0 0001CC (v01 VBOX   VBOXCPUT 00000002 INTL 20100528)
[    0.000000] No NUMA configuration found
[    0.000000] Faking a node at [mem 0x0000000000000000-0x000000003ffeffff]
[    0.000000] NODE_DATA(0) allocated [mem 0x3ffeb000-0x3ffeffff]
[    0.000000] kvm-clock: Using msrs 4b564d01 and 4b564d00
[    0.000000] kvm-clock: cpu 0, msr 0:3ffe3001, primary cpu clock
[    0.000000] kvm-clock: using sched offset of 3521804366 cycles
[    0.000000] clocksource: kvm-clock: mask: 0xffffffffffffffff max_cycles: 0x1cd42e4dffb, max_idle_ns: 881590591483 ns
[    0.000000] Zone ranges:
[    0.000000]   DMA      [mem 0x0000000000001000-0x0000000000ffffff]
[    0.000000]   DMA32    [mem 0x0000000001000000-0x000000003ffeffff]
[    0.000000]   Normal   empty
[    0.000000]   Device   empty
[    0.000000] Movable zone start for each node
[    0.000000] Early memory node ranges
[    0.000000]   node   0: [mem 0x0000000000001000-0x000000000009efff]
[    0.000000]   node   0: [mem 0x0000000000100000-0x000000003ffeffff]
[    0.000000] Initmem setup node 0 [mem 0x0000000000001000-0x000000003ffeffff]
[    0.000000] ACPI: PM-Timer IO Port: 0x4008
[    0.000000] IOAPIC[0]: apic_id 2, version 32, address 0xfec00000, GSI 0-23
[    0.000000] ACPI: INT_SRC_OVR (bus 0 bus_irq 0 global_irq 2 dfl dfl)
[    0.000000] ACPI: INT_SRC_OVR (bus 0 bus_irq 9 global_irq 9 low level)
[    0.000000] Using ACPI (MADT) for SMP configuration information
[    0.000000] smpboot: Allowing 2 CPUs, 0 hotplug CPUs
[    0.000000] PM: Registered nosave memory: [mem 0x00000000-0x00000fff]
[    0.000000] PM: Registered nosave memory: [mem 0x0009f000-0x0009ffff]
[    0.000000] PM: Registered nosave memory: [mem 0x000a0000-0x000effff]
[    0.000000] PM: Registered nosave memory: [mem 0x000f0000-0x000fffff]
[    0.000000] e820: [mem 0x40000000-0xfebfffff] available for PCI devices
[    0.000000] Booting paravirtualized kernel on KVM
[    0.000000] clocksource: refined-jiffies: mask: 0xffffffff max_cycles: 0xffffffff, max_idle_ns: 7645519600211568 ns
[    0.000000] setup_percpu: NR_CPUS:512 nr_cpumask_bits:512 nr_cpu_ids:2 nr_node_ids:1
[    0.000000] PERCPU: Embedded 33 pages/cpu @ffff88003fc00000 s95192 r8192 d31784 u1048576
[    0.000000] Built 1 zonelists in Node order, mobility grouping on.  Total pages: 257912
[    0.000000] Policy zone: DMA32
[    0.000000] Kernel command line: BOOT_IMAGE=/boot/vmlinuz-4.4.0-210-generic root=LABEL=cloudimg-rootfs ro console=tty1 console=ttyS0
[    0.000000] PID hash table entries: 4096 (order: 3, 32768 bytes)
[    0.000000] Memory: 997792K/1048120K available (8644K kernel code, 1332K rwdata, 4044K rodata, 1492K init, 1164K bss, 50328K reserved, 0K cma-reserved)
[    0.000000] SLUB: HWalign=64, Order=0-3, MinObjects=0, CPUs=2, Nodes=1
[    0.000000] Hierarchical RCU implementation.
[    0.000000] 	Build-time adjustment of leaf fanout to 64.
[    0.000000] 	RCU restricting CPUs from NR_CPUS=512 to nr_cpu_ids=2.
[    0.000000] RCU: Adjusting geometry for rcu_fanout_leaf=64, nr_cpu_ids=2
[    0.000000] NR_IRQS:33024 nr_irqs:440 16
[    0.000000] Console: colour VGA+ 80x25
[    0.000000] console [tty1] enabled
[    0.000000] console [ttyS0] enabled
[    0.000000] tsc: Detected 2419.208 MHz processor
[    0.418849] Calibrating delay loop (skipped) preset value.. 4838.41 BogoMIPS (lpj=9676832)
[    0.424257] pid_max: default: 32768 minimum: 301
[    0.427200] ACPI: Core revision 20150930
[    0.430700] ACPI: 2 ACPI AML tables successfully acquired and loaded
[    0.435230] Security Framework initialized
[    0.437864] Yama: becoming mindful.
[    0.440352] AppArmor: AppArmor initialized
[    0.442928] Dentry cache hash table entries: 131072 (order: 8, 1048576 bytes)
[    0.449645] Inode-cache hash table entries: 65536 (order: 7, 524288 bytes)
[    0.455408] Mount-cache hash table entries: 2048 (order: 2, 16384 bytes)
[    0.461187] Mountpoint-cache hash table entries: 2048 (order: 2, 16384 bytes)
[    0.467825] Initializing cgroup subsys io
[    0.471841] Initializing cgroup subsys memory
[    0.474991] Initializing cgroup subsys devices
[    0.478519] Initializing cgroup subsys freezer
[    0.482651] Initializing cgroup subsys net_cls
[    0.487866] Initializing cgroup subsys perf_event
[    0.491069] Initializing cgroup subsys net_prio
[    0.494160] Initializing cgroup subsys hugetlb
[    0.497384] Initializing cgroup subsys pids
[    0.500898] mce: CPU supports 0 MCE banks
[    0.504663] Last level iTLB entries: 4KB 0, 2MB 0, 4MB 0
[    0.508047] Last level dTLB entries: 4KB 0, 2MB 0, 4MB 0, 1GB 0
[    0.511936] Spectre V1 : Mitigation: usercopy/swapgs barriers and __user pointer sanitization
[    0.519447] Spectre V2 : Mitigation: Enhanced IBRS
[    0.522427] Spectre V2 : Spectre v2 / SpectreRSB mitigation: Filling RSB on context switch
[    0.527286] Speculative Store Bypass: Vulnerable
[    0.556666] Freeing SMP alternatives memory: 36K
[    0.614991] ftrace: allocating 32380 entries in 127 pages
[    1.000149] smpboot: APIC(0) Converting physical 0 to logical package 0
[    1.005032] smpboot: Max logical packages: 1
[    1.017011] ..TIMER: vector=0x30 apic1=0 pin1=2 apic2=-1 pin2=-1
[    1.129247] smpboot: CPU0: 11th Gen Intel(R) Core(TM) i5-1135G7 @ 2.40GHz (family: 0x6, model: 0x8c, stepping: 0x1)
[    1.138913] Performance Events: unsupported p6 CPU model 140 no PMU driver, software events only.
[    1.205257] KVM setup paravirtual spinlock
[    1.210332] x86: Booting SMP configuration:
[    1.213005] .... node  #0, CPUs:      #1
[    1.216570] kvm-clock: cpu 1, msr 0:3ffe3041, secondary cpu clock
[    1.220677] mce: CPU supports 0 MCE banks
[    1.224449] TSC synchronization [CPU#0 -> CPU#1]:
[    1.227467] Measured 80168 cycles TSC warp between CPUs, turning off TSC clock.
[    1.232159] tsc: Marking TSC unstable due to check_tsc_sync_source failed
[    1.237723] x86: Booted up 1 node, 2 CPUs
[    1.241160] smpboot: Total of 2 processors activated (9676.83 BogoMIPS)
[    0.204011] devtmpfs: initialized
[    0.207825] evm: security.selinux
[    0.208000] evm: security.SMACK64
[    0.208000] evm: security.SMACK64EXEC
[    0.208000] evm: security.SMACK64TRANSMUTE
[    0.208000] evm: security.SMACK64MMAP
[    0.208000] evm: security.ima
[    0.208000] evm: security.capability
[    0.208335] clocksource: jiffies: mask: 0xffffffff max_cycles: 0xffffffff, max_idle_ns: 7645041785100000 ns
[    0.212000] futex hash table entries: 512 (order: 3, 32768 bytes)
[    0.212000] pinctrl core: initialized pinctrl subsystem
[    0.212000] RTC time:  8:15:44, date: 05/18/22
[    0.212000] NET: Registered protocol family 16
[    0.220018] cpuidle: using governor ladder
[    0.232011] cpuidle: using governor menu
[    0.234736] PCCT header not found.
[    0.236000] ACPI: bus type PCI registered
[    0.236000] acpiphp: ACPI Hot Plug PCI Controller Driver version: 0.5
[    0.236000] PCI: Using configuration type 1 for base access
[    0.244360] ACPI: Added _OSI(Module Device)
[    0.246794] ACPI: Added _OSI(Processor Device)
[    0.248000] ACPI: Added _OSI(3.0 _SCP Extensions)
[    0.248000] ACPI: Added _OSI(Processor Aggregator Device)
[    0.248633] ACPI: Executed 1 blocks of module-level executable AML code
[    0.253220] ACPI: Interpreter enabled
[    0.255446] ACPI: (supports S0 S5)
[    0.256000] ACPI: Using IOAPIC for interrupt routing
[    0.256200] PCI: Using host bridge windows from ACPI; if necessary, use "pci=nocrs" and report a bug
[    0.268115] ACPI: PCI Root Bridge [PCI0] (domain 0000 [bus 00-ff])
[    0.272000] acpi PNP0A03:00: _OSC: OS supports [ASPM ClockPM Segments MSI]
[    0.272426] acpi PNP0A03:00: _OSC: not requesting OS control; OS requires [ExtendedConfig ASPM ClockPM MSI]
[    0.276000] acpi PNP0A03:00: fail to add MMCONFIG information, can't access extended PCI configuration space under this bridge.
[    0.276572] PCI host bridge to bus 0000:00
[    0.279109] pci_bus 0000:00: root bus resource [io  0x0000-0x0cf7 window]
[    0.280000] pci_bus 0000:00: root bus resource [io  0x0d00-0xffff window]
[    0.280000] pci_bus 0000:00: root bus resource [mem 0x000a0000-0x000bffff window]
[    0.280000] pci_bus 0000:00: root bus resource [mem 0x40000000-0xfdffffff window]
[    0.280000] pci_bus 0000:00: root bus resource [bus 00-ff]
[    0.283338] pci 0000:00:01.1: legacy IDE quirk: reg 0x10: [io  0x01f0-0x01f7]
[    0.284000] pci 0000:00:01.1: legacy IDE quirk: reg 0x14: [io  0x03f6]
[    0.284000] pci 0000:00:01.1: legacy IDE quirk: reg 0x18: [io  0x0170-0x0177]
[    0.284000] pci 0000:00:01.1: legacy IDE quirk: reg 0x1c: [io  0x0376]
[    0.299245] pci 0000:00:07.0: quirk: [io  0x4000-0x403f] claimed by PIIX4 ACPI
[    0.300000] pci 0000:00:07.0: quirk: [io  0x4100-0x410f] claimed by PIIX4 SMB
[    0.305645] ACPI: PCI Interrupt Link [LNKA] (IRQs 5 9 10 *11)
[    0.308310] ACPI: PCI Interrupt Link [LNKB] (IRQs 5 9 *10 11)
[    0.312000] ACPI: PCI Interrupt Link [LNKC] (IRQs 5 *9 10 11)
[    0.312000] ACPI: PCI Interrupt Link [LNKD] (IRQs 5 9 10 *11)
[    0.312000] ACPI: Enabled 2 GPEs in block 00 to 07
[    0.312048] vgaarb: setting as boot device: PCI:0000:00:02.0
[    0.315335] vgaarb: device added: PCI:0000:00:02.0,decodes=io+mem,owns=io+mem,locks=none
[    0.316000] vgaarb: loaded
[    0.316000] vgaarb: bridge control possible 0000:00:02.0
[    0.316000] SCSI subsystem initialized
[    0.316352] ACPI: bus type USB registered
[    0.318812] usbcore: registered new interface driver usbfs
[    0.320000] usbcore: registered new interface driver hub
[    0.320000] usbcore: registered new device driver usb
[    0.320405] PCI: Using ACPI for IRQ routing
[    0.323271] NetLabel: Initializing
[    0.324000] NetLabel:  domain hash size = 128
[    0.324000] NetLabel:  protocols = UNLABELED CIPSOv4
[    0.324000] NetLabel:  unlabeled traffic allowed by default
[    0.324061] amd_nb: Cannot enumerate AMD northbridges
[    0.327345] clocksource: Switched to clocksource kvm-clock
[    0.328000] AppArmor: AppArmor Filesystem Enabled
[    0.328000] pnp: PnP ACPI init
[    0.350799] pnp: PnP ACPI: found 3 devices
[    0.384858] clocksource: acpi_pm: mask: 0xffffff max_cycles: 0xffffff, max_idle_ns: 2085701024 ns
[    0.388821] NET: Registered protocol family 2
[    0.393639] TCP established hash table entries: 8192 (order: 4, 65536 bytes)
[    0.397297] TCP bind hash table entries: 8192 (order: 5, 131072 bytes)
[    0.397297] TCP: Hash tables configured (established 8192 bind 8192)
[    0.397297] UDP hash table entries: 512 (order: 2, 16384 bytes)
[    0.397297] UDP-Lite hash table entries: 512 (order: 2, 16384 bytes)
[    0.397297] NET: Registered protocol family 1
[    0.397297] pci 0000:00:00.0: Limiting direct PCI/PCI transfers
[    0.397297] pci 0000:00:01.0: Activating ISA DMA hang workarounds
[    0.397297] Unpacking initramfs...
[    0.397297] Freeing initrd memory: 14888K
[    0.397297] clocksource: tsc: mask: 0xffffffffffffffff max_cycles: 0x22df18699a8, max_idle_ns: 440795258745 ns
[    0.397297] platform rtc_cmos: registered platform RTC device (no PNP device found)
[    0.397297] Scanning for low memory corruption every 60 seconds
[    0.712269] audit: initializing netlink subsys (disabled)
[    0.715511] audit: type=2000 audit(1652861748.925:1): initialized
[    0.716763] Initialise system trusted keyring
[    0.722906] HugeTLB registered 2 MB page size, pre-allocated 0 pages
[    0.726761] zbud: loaded
[    0.730606] VFS: Disk quotas dquot_6.6.0
[    0.733098] VFS: Dquot-cache hash table entries: 512 (order 0, 4096 bytes)
[    0.734364] squashfs: version 4.0 (2009/01/31) Phillip Lougher
[    0.743050] fuse init (API version 7.23)
[    0.746181] Key type big_key registered
[    0.748515] Allocating IMA MOK and blacklist keyrings.
[    0.759219] Key type asymmetric registered
[    0.761725] Asymmetric key parser 'x509' registered
[    0.763210] Block layer SCSI generic (bsg) driver version 0.4 loaded (major 249)
[    0.769754] io scheduler noop registered
[    0.772185] io scheduler deadline registered (default)
[    0.773603] io scheduler cfq registered
[    0.773603] pci_hotplug: PCI Hot Plug PCI Core version: 0.5
[    0.773603] pciehp: PCI Express Hot Plug Controller Driver version: 0.4
[    0.785151] ACPI: AC Adapter [AC] (off-line)
[    0.787750] input: Power Button as /devices/LNXSYSTM:00/LNXPWRBN:00/input/input0
[    0.789053] ACPI: Power Button [PWRF]
[    0.794758] input: Sleep Button as /devices/LNXSYSTM:00/LNXSLPBN:00/input/input1
[    0.798646] ACPI: Sleep Button [SLPF]
[    0.802290] GHES: HEST is not enabled!
[    0.803333] ACPI: Battery Slot [BAT0] (battery present)
[    0.808292] Serial: 8250/16550 driver, 32 ports, IRQ sharing enabled
[    0.812264] 00:02: ttyS0 at I/O 0x3f8 (irq = 4, base_baud = 115200) is a 16550A
[    0.855173] Linux agpgart interface v0.103
[    0.871874] loop: module loaded
[    0.876317] scsi host0: ata_piix
[    0.879290] scsi host1: ata_piix
[    0.881408] ata1: PATA max UDMA/33 cmd 0x1f0 ctl 0x3f6 bmdma 0xd000 irq 14
[    0.883217] ata2: PATA max UDMA/33 cmd 0x170 ctl 0x376 bmdma 0xd008 irq 15
[    0.889848] libphy: Fixed MDIO Bus: probed
[    0.889917] tun: Universal TUN/TAP device driver, 1.6
[    0.889917] tun: (C) 1999-2004 Max Krasnyansky <maxk@qualcomm.com>
[    0.902047] PPP generic driver version 2.4.2
[    0.906822] ehci_hcd: USB 2.0 'Enhanced' Host Controller (EHCI) Driver
[    0.909741] ehci-pci: EHCI PCI platform driver
[    0.909741] ehci-platform: EHCI generic platform driver
[    0.909741] ohci_hcd: USB 1.1 'Open' Host Controller (OHCI) Driver
[    0.909741] ohci-pci: OHCI PCI platform driver
[    0.909741] ohci-platform: OHCI generic platform driver
[    0.909741] uhci_hcd: USB Universal Host Controller Interface driver
[    0.909741] i8042: PNP: PS/2 Controller [PNP0303:PS2K,PNP0f03:PS2M] at 0x60,0x64 irq 1,12
[    0.943378] serio: i8042 KBD port at 0x60,0x64 irq 1
[    0.946063] serio: i8042 AUX port at 0x60,0x64 irq 12
[    0.950615] mousedev: PS/2 mouse device common for all mice
[    0.957945] rtc_cmos rtc_cmos: rtc core: registered rtc_cmos as rtc0
[    0.961930] rtc_cmos rtc_cmos: alarms up to one day, 114 bytes nvram
[    0.961930] i2c /dev entries driver
[    0.961930] device-mapper: uevent: version 1.0.3
[    0.975070] device-mapper: ioctl: 4.34.0-ioctl (2015-10-28) initialised: dm-devel@redhat.com
[    0.978995] ledtrig-cpu: registered to indicate activity on CPUs
[    0.986420] input: AT Translated Set 2 keyboard as /devices/platform/i8042/serio0/input/input2
[    0.994567] NET: Registered protocol family 10
[    0.999106] NET: Registered protocol family 17
[    1.001998] Key type dns_resolver registered
[    1.006180] registered taskstats version 1
[    1.009073] Loading compiled-in X.509 certificates
[    1.010083] Loaded X.509 cert 'Build time autogenerated kernel key: cf00e047681d67edb2720680708b7d9498083038'
[    1.010083] zswap: loaded using pool lzo/zbud
[    1.026023] Key type trusted registered
[    1.034615] Key type encrypted registered
[    1.037316] AppArmor: AppArmor sha1 policy hashing enabled
[    1.038603] ima: No TPM chip found, activating TPM-bypass!
[    1.038603] ima: Allocated hash algorithm: sha1
[    1.038603] evm: HMAC attrs: 0x1
[    1.051553]   Magic number: 6:911:270
[    1.054420] rtc_cmos rtc_cmos: setting system clock to 2022-05-18 08:15:45 UTC (1652861745)
[    1.104658] BIOS EDD facility v0.16 2004-Jun-25, 0 devices found
[    1.104658] EDD information not available.
[    1.115836] Freeing unused kernel memory: 1492K
[    1.134000] Write protecting the kernel read-only data: 14336k
[    1.139623] Freeing unused kernel memory: 1584K
[    1.142754] Freeing unused kernel memory: 52K
Loading, please wait...
starting version[    1.165978] random: systemd-udevd: uninitialized urandom read (16 bytes read, 3 bits of entropy available)
 229
[    1.171610] random: udevadm: uninitialized urandom read (16 bytes read, 3 bits of entropy available)
[    1.171628] random: udevadm: uninitialized urandom read (16 bytes read, 3 bits of entropy available)
[    1.200575] random: udevadm: uninitialized urandom read (16 bytes read, 3 bits of entropy available)
[    1.200612] random: udevadm: uninitialized urandom read (16 bytes read, 3 bits of entropy available)
[    1.200757] random: udevadm: uninitialized urandom read (16 bytes read, 3 bits of entropy available)
[    1.200795] random: udevadm: uninitialized urandom read (16 bytes read, 3 bits of entropy available)
[    1.200862] random: udevadm: uninitialized urandom read (16 bytes read, 3 bits of entropy available)
[    1.200918] random: udevadm: uninitialized urandom read (16 bytes read, 3 bits of entropy available)
[    1.200952] random: udevadm: uninitialized urandom read (16 bytes read, 3 bits of entropy available)
[    1.279844] e1000: Intel(R) PRO/1000 Network Driver - version 7.3.21-k8-NAPI
[    1.281106] e1000: Copyright (c) 1999-2006 Intel Corporation.
[    1.293800] Fusion MPT base driver 3.04.20
[    1.296301] Copyright (c) 1999-2008 LSI Corporation
[    1.331276] Fusion MPT SPI Host driver 3.04.20
[    1.603068] input: ImExPS/2 Generic Explorer Mouse as /devices/platform/i8042/serio1/input/input4
[    2.232558] e1000 0000:00:03.0 eth0: (PCI:33MHz:32-bit) 02:be:82:6b:cc:1d
[    2.236393] e1000 0000:00:03.0 eth0: Intel(R) PRO/1000 Network Connection
[    2.243660] mptbase: ioc0: Initiating bringup
[    2.328272] ioc0: LSI53C1030 A0: Capabilities={Initiator}
[    3.169308] scsi host2: ioc0: LSI53C1030 A0, FwRev=00000000h, Ports=1, MaxQ=256, IRQ=20
[    3.325212] scsi 2:0:0:0: Direct-Access     VBOX     HARDDISK         1.0  PQ: 0 ANSI: 5
[    3.328384] scsi target2:0:0: Beginning Domain Validation
[    3.341336] scsi target2:0:0: Domain Validation skipping write tests
[    3.345161] scsi target2:0:0: Ending Domain Validation
[    3.348701] scsi target2:0:0: asynchronous
[    3.353591] scsi 2:0:1:0: Direct-Access     VBOX     HARDDISK         1.0  PQ: 0 ANSI: 5
[    3.357535] scsi target2:0:1: Beginning Domain Validation
[    3.371141] scsi target2:0:1: Domain Validation skipping write tests
[    3.374953] scsi target2:0:1: Ending Domain Validation
[    3.380650] scsi target2:0:1: asynchronous
[    3.402692] sd 2:0:0:0: Attached scsi generic sg0 type 0
[    3.405519] sd 2:0:0:0: [sda] 83886080 512-byte logical blocks: (42.9 GB/40.0 GiB)
[    3.414098] sd 2:0:1:0: Attached scsi generic sg1 type 0
[    3.418389] sd 2:0:1:0: [sdb] 20480 512-byte logical blocks: (10.5 MB/10.0 MiB)
[    3.424998] sd 2:0:0:0: [sda] Write Protect is off
[    3.429944] sd 2:0:1:0: [sdb] Write Protect is off
[    3.450201] sd 2:0:0:0: [sda] Incomplete mode parameter data
[    3.454161] sd 2:0:0:0: [sda] Assuming drive cache: write through
[    3.461652] sd 2:0:1:0: [sdb] Incomplete mode parameter data
[    3.464957] sd 2:0:1:0: [sdb] Assuming drive cache: write through
[    3.474385]  sda: sda1
[    3.479004] sd 2:0:0:0: [sda] Attached SCSI disk
[    3.486526] sd 2:0:1:0: [sdb] Attached SCSI disk
[    3.887359] e1000 0000:00:08.0 eth1: (PCI:33MHz:32-bit) 08:00:27:bb:72:80
[    3.890931] e1000 0000:00:08.0 eth1: Intel(R) PRO/1000 Network Connection
[    3.899628] e1000 0000:00:03.0 enp0s3: renamed from eth0
[    3.916830] e1000 0000:00:08.0 enp0s8: renamed from eth1
Begin: Loading essential drivers ... [    5.437083] md: linear personality registered for level -1
[    5.447082] md: multipath personality registered for level -4
[    5.454974] md: raid0 personality registered for level 0
[    5.470148] md: raid1 personality registered for level 1
[    6.270959] raid6: sse2x1   gen() 151308 MB/s
[    8.269541] raid6: sse2x1   xor() 152084 MB/s
[   10.270352] raid6: sse2x2   gen() 269778 MB/s
[   10.360089] raid6: sse2x2   xor() 13536 MB/s
[   10.433772] raid6: sse2x4   gen() 18243 MB/s
[   10.510163] raid6: sse2x4   xor() 12757 MB/s
[   10.513331] raid6: using algorithm sse2x2 gen() 269778 MB/s
[   10.514130] raid6: .... xor() 13536 MB/s, rmw enabled
[   10.514130] raid6: using ssse3x2 recovery algorithm
[   10.526184] xor: measuring software checksum speed
[   10.528045]    prefetch64-sse: 21846.000 MB/sec
[   10.528045]    generic_sse: 19746.000 MB/sec
[   10.528045] xor: using function: prefetch64-sse (21846.000 MB/sec)
[   10.621521] async_tx: api initialized (async)
[   10.690832] md: raid6 personality registered for level 6
[   10.694651] md: raid5 personality registered for level 5
[   10.694651] md: raid4 personality registered for level 4
[   10.758660] md: raid10 personality registered for level 10
done.
Begin: Running /scripts/init-premount ... done.
Begin: Mounting root file system ... Begin: Running /scripts/local-top ... done.
Begin: Running /scripts/local-premount ... [   10.860293] Btrfs loaded
Scanning for Btrfs filesystems
done.
Warning: fsck not present, so skipping root file system
[   10.909761] EXT4-fs (sda1): mounted filesystem with ordered data mode. Opts: (null)
done.
Begin: Running /scripts/local-bottom ... done.
Begin: Running /scripts/init-bottom ... done.
[   11.035539] systemd[1]: systemd 229 running in system mode. (+PAM +AUDIT +SELINUX +IMA +APPARMOR +SMACK +SYSVINIT +UTMP +LIBCRYPTSETUP +GCRYPT +GNUTLS +ACL +XZ -LZ4 +SECCOMP +BLKID +ELFUTILS +KMOD -IDN)
[   11.036073] systemd[1]: Detected virtualization oracle.
[   11.036073] systemd[1]: Detected architecture x86-64.

Welcome to [1mUbuntu 16.04.7 LTS[0m!

[   11.060288] systemd[1]: Set hostname to <ubuntu>.
[   11.068370] systemd[1]: Initializing machine ID from random generator.
[   11.072247] systemd[1]: Installed transient /etc/machine-id file.
[   11.223944] systemd[1]: Set up automount Arbitrary Executable File Formats File System Automount Point.
[[0;32m  OK  [0m] Set up automount Arbitrary Executab...ats File System Automount Point.
[   11.233222] systemd[1]: Created slice System Slice.
[[0;32m  OK  [0m] Created slice System Slice.
[   11.239327] systemd[1]: Listening on udev Kernel Socket.
[[0;32m  OK  [0m] Listening on udev Kernel Socket.
[   11.246427] systemd[1]: Listening on Journal Audit Socket.
[[0;32m  OK  [0m] Listening on Journal Audit Socket.
[   11.252885] systemd[1]: Reached target Encrypted Volumes.
[[0;32m  OK  [0m] Reached target Encrypted Volumes.
[   11.258699] systemd[1]: Listening on LVM2 poll daemon socket.
[[0;32m  OK  [0m] Listening on LVM2 poll daemon socket.
[   11.265685] systemd[1]: Listening on Journal Socket.
[[0;32m  OK  [0m] Listening on Journal Socket.
[   11.280762] systemd[1]: Starting Uncomplicated firewall...
         Starting Uncomplicated firewall...
[   11.288935] systemd[1]: Starting Nameserver information manager...
         Starting Nameserver information manager...
[   11.295847] systemd[1]: Mounting Huge Pages File System...
         Mounting Huge Pages File System...
[   11.303036] systemd[1]: Starting Create list of required static device nodes for the current kernel...
         Starting Create list of required st... nodes for the current kernel...
[   11.313858] systemd[1]: Created slice system-serial\x2dgetty.slice.
[[0;32m  OK  [0m] Created slice system-serial\x2dgetty.slice.
[   11.321415] systemd[1]: Created slice User and Session Slice.
[[0;32m  OK  [0m] Created slice User and Session Slice.
[   11.327574] systemd[1]: Listening on Device-mapper event daemon FIFOs.
[[0;32m  OK  [0m] Listening on Device-mapper event daemon FIFOs.
[   11.334716] systemd[1]: Reached target User and Group Name Lookups.
[[0;32m  OK  [0m] Reached target User and Group Name Lookups.
[   11.341777] systemd[1]: Listening on udev Control Socket.
[[0;32m  OK  [0m] Listening on udev Control Socket.
[   11.361571] systemd[1]: Starting Load Kernel Modules...
         Starting Load Kernel Modules...
[   11.368642] systemd[1]: Starting Set console keymap...
         Starting Set console keymap...
[   11.378806] systemd[1]: Mounting POSIX Message Queue File System...
         Mounting POSIX Message Queue File System...
[   11.387269] Loading iSCSI transport class v2.0-870.
[   11.389727] systemd[1]: Listening on /dev/initctl Compatibility Named Pipe.
[[0;32m  OK  [0m] Listening on /dev/initctl Compatibility Named Pipe.
[   11.399632] systemd[1]: Started Trigger resolvconf update for networkd DNS.
[[0;32m  OK  [0m] Started Trigger resolvconf update for networkd DNS.
[   11.428553] systemd[1]: Listening on Syslog Socket.
[   11.433819] iscsi: registered transport (tcp)
[[0;32m  OK  [0m] Listening on Syslog Socket.
[   11.437206] systemd[1]: Reached target Slices.
[[0;32m  OK  [0m] Reached target Slices.
[   11.442901] systemd[1]: Started Forward Password Requests to Wall Directory Watch.
[[0;32m  OK  [0m] Started Forward Password Requests to Wall Directory Watch.
[   11.451536] systemd[1]: Reached target System Time Synchronized.
[[0;32m  OK  [0m] Reached target System Time Synchronized.
[   11.459132] systemd[1]: Reached target Swap.
[[0;32m  OK  [0m] Reached target Swap.
[   11.465141] systemd[1]: Listening on Journal Socket (/dev/log).
[[0;32m  OK  [0m] Listening on Journal Socket (/dev/log).
[   11.484381] systemd[1]: Starting Journal Service...
         Starting Journal Service...
[   11.490970] systemd[1]: Listening on LVM2 metadata daemon socket.
[[0;32m  OK  [0m] Listening on LVM2 metadata daemon socket.
[   11.503073] systemd[1]: Starting Monitoring of LVM2 mirrors, snapshots etc. using dmeventd or progress polling...
         Starting Monitoring of LVM2 mirrors... dmeventd or progress polling...
[   11.516587] systemd[1]: Mounting Debug File System...
         Mounting Debug File System...
[   11.524903] systemd[1]: Listening on fsck to fsckd communication Socket.
[[0;32m  OK  [0m] Listening on fsck to fsckd communication Socket.
[   11.536135] systemd[1]: Starting File System Check on Root Device...
         Starting File System Check on Root Device...
[   11.546189] systemd[1]: Mounted Huge Pages File System.
[[0;32m  OK  [0m] Mounted Huge Pages File System.
[   11.552707] systemd[1]: Mounted POSIX Message Queue File System.
[[0;32m  OK  [0m] Mounted POSIX Message Queue File System.
[   11.559358] systemd[1]: Mounted Debug File System.
[   11.564566] iscsi: registered transport (iser)
[[0;32m  OK  [0m] Mounted Debug File System.
[   11.567882] systemd[1]: Started Journal Service.
[[0;32m  OK  [0m] Started Journal Service.
[[0;32m  OK  [0m] Started Uncomplicated firewall.
[[0;32m  OK  [0m] Started Create list of required sta...ce nodes for the current kernel.
[[0;32m  OK  [0m] Started Load Kernel Modules.
[[0;32m  OK  [0m] Started Set console keymap.
[[0;32m  OK  [0m] Started File System Check on Root Device.
[[0;32m  OK  [0m] Started Nameserver information manager.
[[0;32m  OK  [0m] Started LVM2 metadata daemon.
[[0;32m  OK  [0m] Started File System Check Daemon to report status.
         Starting Remount Root and Kernel File Systems...
         Starting Apply Kernel Variables...
         Mountin[   11.626032] EXT4-fs (sda1): re-mounted. Opts: (null)
g FUSE Control File System...
         Starting Create Static Device Nodes in /dev...
[[0;32m  OK  [0m] Mounted FUSE Control File System.
[[0;32m  OK  [0m] Started Remount Root and Kernel File Systems.
         Starting Load/Save Random Seed...
         Starting udev Coldplug all Devices...
         Starting Flush Journal to Persistent Storage...
[[0;32m  OK  [0m] Started Apply Kernel Variables.
[[0;32m  OK  [0m] Started Load/Save Random Seed.
[[0;32m  OK  [0m] Started Flush Journal to Persistent Storage.
[[0;32m  OK  [0m] Started Create Static Device Nodes in /dev.
         Starting udev Kernel Device Manager...
[[0;32m  OK  [0m] Started udev Coldplug all Devices.
[[0;32m  OK  [0m] Started udev Kernel Device Manager.
[[0;32m  OK  [0m] Started Dispatch Password Requests to Console Directory Watch.
[[0;32m  OK  [0m] Found device /dev/ttyS0.
[[0;32m  OK  [0m] Started Monitoring of LVM2 mirrors,...ng dmeventd or progress polling.
[[0;32m  OK  [0m] Reached target Local File Systems (Pre).
[[0;32m  OK  [0m] Reached target Local File Systems.
         Starting Create Volatile Files and Directories...
         Starting Set console font and keymap...
         Starting LSB: AppArmor initialization...
         Starting Commit a transient machine-id on disk...
         Starting Tell Plymouth To Write Out Runtime Data...
         Starting Initial cloud-init job (pre-networking)...
[[0;32m  OK  [0m] Listening on Load/Save RF Kill Switch Status /dev/rfkill Watch.
[[0;32m  OK  [0m] Started Create Volatile Files and Directories.
[[0;32m  OK  [0m] Started Tell Plymouth To Write Out Runtime Data.
         Starting Update UTMP about System Boot/Shutdown...
[[0;32m  OK  [0m] Started Update UTMP about System Boot/Shutdown.
[[0;32m  OK  [0m] Started Commit a transient machine-id on disk.
[[0;32m  OK  [0m] Started LSB: AppArmor initialization.
         Starting Load AppArmor profiles managed internally by snapd...
[   13.137172] cloud-init[507]: Cloud-init v. 21.1-19-gbad84ad4-0ubuntu1~16.04.2 running 'init-local' at Wed, 18 May 2022 08:15:57 +0000. Up 12.85 seconds.
[[0;32m  OK  [0m] Started Load AppArmor profiles managed internally by snapd.
[[0;32m  OK  [0m] Started Initial cloud-init job (pre-networking).
[[0;32m  OK  [0m] Reached target Network (Pre).
         Starting Raise network interfaces...
[[0;32m  OK  [0m] Started Set console font and keymap.
[[0;32m  OK  [0m] Created slice system-getty.slice.
[[0;32m  OK  [0m] Started Raise network interfaces.
[[0;32m  OK  [0m] Reached target Network.
         Starting Initial cloud-init job (metadata service crawler)...
[   14.875540] cloud-init[939]: Cloud-init v. 21.1-19-gbad84ad4-0ubuntu1~16.04.2 running 'init' at Wed, 18 May 2022 08:15:58 +0000. Up 14.45 seconds.
[   15.444907] [[0;32m  OK  [0m] Started Initial cloud-init job (metadata service crawler).
[[0;32m  OK  [0m] Reached target Network is Online.
cloud-init[939]: ci-info: ++++++++++++++++++++++++++++++++++++++Net device info+++++++++++++++++++++++++++++++++++++++
[   15.451205]          cloud-initStarting iSCSI initiator daemon (iscsid)...[939]: 
ci-info: +--------+-------+----------------------------+---------------+--------+-------------------+
[   15.457312] [[0;32m  OK  [0m] Reached target System Initialization.
[[0;32m  OK  [0m] Started Daily apt download activities.
[[0;32m  OK  [0m] Listening on D-Bus System Message Bus Socket.
cloud-init[939]: ci-info: | Device |   Up  |          Address           |      Mask     | Scope  |     Hw-Address    |
[   15.465626]          Starting LXD - unix socket.
[[0;32m  OK  [0m] Started Daily Cleanup of Temporary Directories.
[[0;32m  OK  [0m] Listening on ACPID Listen Socket.
[[0;32m  OK  [0m] Started Ubuntu Advantage update messaging.
[[0;32m  OK  [0m] Listening on UUID daemon activation socket.
         Starting Socket activation for snappy daemon.
[[0;32m  OK  [0m] Started Daily apt upgrade and clean activities.
cloud-init[939]: ci-info: +--------+-------+----------------------------+---------------+--------+-------------------+
[   15.477051] [[0;32m  OK  [0m] Started ACPI Events Check.
[[0;32m  OK  [0m] Reached target Paths.
[[0;32m  OK  [0m] Started Message of the Day.
[[0;32m  OK  [0m] Reached target Timers.
[[0;32m  OK  [0m] Reached target Cloud-config availability.
[[0;32m  OK  [0m] Listening on LXD - unix socket.
[[0;32m  OK  [0m] Listening on Socket activation for snappy daemon.
[[0;32m  OK  [0m] Reached target Sockets.
[[0;32m  OK  [0m] Reached target Basic System.
cloud-init[939]: ci-info: | enp0s3 |  True |         10.0.2.15          | 255.255.255.0 | global | 02:be:82:6b:cc:1d |
[   15.488171] cloud-init[939]: ci-info: | enp0s3 |  True | fe80::be:82ff:fe6b:cc1d/64 |       .       |  link  | 02:be:82:6b:cc:1d |
[[0;32m  OK  [0m] Started Deferred execution scheduler.
         Starting LXD - container startup/shutdown...
         Starting /etc/rc.local Compatibility...
[   15.493299] cloud-init[939]: ci-info: | enp0s8 | False |             .              |       .       |   .    | 08:00:27:bb:72:80 |
[[0;32m  OK  [0m] Started Regular background program processing daemon.
[   15.509218] cloud-init[939]: ci-info: |   lo   |  True |         127.0.0.1          |   255.0.0.0   |  host  |         .         |
         Starting Snap Daemon...
[   15.517165] cloud-init[939]: ci-info: |   lo   |  True |          ::1/128           |       .       |  host  |         .         |
[[0;32m  OK  [0m] Started ACPI event daemon.
[[0;32m  OK  [0m] Started D-Bus System Message Bus.
[   15.525726] cloud-init[939]: ci-info: +--------+-------+----------------------------+---------------+--------+-------------------+
[   15.538570] cloud-init[939]: ci-info: +++++++++++++++++++++++++++Route IPv4 info++++++++++++++++++++++++++++
[   15.546529] cloud-init[939]: ci-info: +-------+-------------+----------+---------------+-----------+-------+
[   15.558408] cloud-init[939]: ci-info: | Route | Destination | Gateway  |    Genmask    | Interface | Flags |
[   15.565206] cloud-init[939]: ci-info: +-------+-------------+----------+---------------+-----------+-------+
[   15.571397] cloud-init[939]: ci-info: |   0   |   0.0.0.0   | 10.0.2.2 |    0.0.0.0    |   enp0s3  |   UG  |
[   15.577016] cloud-init[939]: ci-info: |   1   |   10.0.2.0  | 0.0.0.0  | 255.255.255.0 |   enp0s3  |   U   |
[   15.582362] cloud-init[939]: ci-info: +-------+-------------+----------+---------------+-----------+-------+
[   15.588888] cloud-init[939]: ci-info: +++++++++++++++++++Route IPv6 info+++++++++++++++++++
[   15.592475] cloud-init[939]: ci-info: +-------+-------------+---------+-----------+-------+
[   15.598305] cloud-init[939]: ci-info: | Route | Destination | Gateway | Interface | Flags |
[   15.608542] cloud-init[939]: ci-info: +-------+-------------+---------+-----------+-------+
[   15.614037] cloud-init[939]: ci-info: |   0   |  fe80::/64  |    ::   |   enp0s3  |   U   |
[   17.000661] cloud-init[939]: ci-info: |   3   |   ff00::/8  |    ::   |   enp0s3  |   U   |
[   17.004544] cloud-init[939]: ci-info: +-------+-------------+---------+-----------+-------+
[   17.008391] cloud-init[939]: Generating public/private rsa key pair.
         Starting Virtualbox guest utils...
         Starting Accounts Service...
[   17.012871] cloud-init[939]: Your identification has been saved in /etc/ssh/ssh_host_rsa_key.
[   17.018872] cloud-init[939]: Your public key has been saved in /etc/ssh/ssh_host_rsa_key.pub.
         Starting Pollinate to seed the pseudo random number generator...
         Starting LSB: Record successful boot for GRUB...
[   17.023119] cloud-init[939]: The key fingerprint is:
[   17.044034] cloud-init[939]: SHA256:g2o0RPSk8rbeXWnlr4avLMiBd7lAJfAyWJjlWRx/maM root@ubuntu-xenial
[   17.048217] cloud-init[939]: The key's randomart image is:
         Starting System Logging Service...
[   17.055325] cloud-init[939]: +---[RSA 2048]----+
[   17.064805] cloud-init[939]: |   =*o+.         |
[   17.071124] cloud-init[939]: |  o= Bo..  o     |
[   17.086077] [[0;32m  OK  [0m] Started FUSE filesystem for LXC.
         Starting Login Service...
         Starting LSB: MD monitoring daemon...
[[0;32m  OK  [0m] Started System Logging Service.
cloud-init[[0;32m  OK  [0m] Started /etc/rc.local Compatibility.
[939]: |  o B oo. =      |
[   17.116834] [[0;32m  OK  [0m] Started iSCSI initiator daemon (iscsid).
cloud-init[939]: |   + o.. o .     |
         Starting Login to default iSCSI targets...
[   17.143559] cloud-init[939]: |    =o. E.  .    |
[[0;32m  OK  [0m] Started LSB: Record successful boot for GRUB.
[   17.175347] cloud-init[939]: |   o.++ o. +     |
[   17.235522] cloud-init[939]: |    +o = .+..    |
[[0;32m  OK  [0m] Started LXD - container startup/shutdown.
[[0;32m  OK  [0m] Started LSB: MD monitoring daemon.
[[0;32m  OK  [0m] Started Login to default iSCSI targets.
[[0;32m  OK  [0m] Started Login Service.
[   17.244780] cloud-init[939]: |   o .o.o+. ..   |
[   17.268387] cloud-init[939]: |    . . ..o+o..  |
[[0;32m  OK  [0m] Started Unattended Upgrades Shutdown.
         Starting Authenticate and Authorize Users to Run Privileged Tasks...
[[0;32m  OK  [0m] Reached target Remote File Systems (Pre).
[[0;32m  OK  [0m] Reached target Remote File Systems.
         Starting LSB: daemon to balance interrupts for SMP systems...
         Starting LSB: automatic crash report generation...
         Starting Permit User Sessions...
         Starting LSB: Set the CPU Frequency Scaling governor to "ondemand"...
[   17.276377] cloud-init[939]: +----[SHA256]-----+
[[0;32m  OK  [0m] Started Permit User Sessions.
[   17.338371] cloud-init[939]: Generating public/private dsa key pair.
         Starting Terminate Plymouth Boot Screen...
         Starting Hold until boot process finishes up...
[[0;32m  OK  [0m] Started Terminate Plymouth Boot Screen.
[[0;32m  OK  [0m] Started Hold until boot process finishes up.
[[0;32m  OK  [0m] Started Authenticate and Authorize Users to Run Privileged Tasks.
[   17.383280] [[0;32m  OK  [0m] Started Getty on tty1.
[[0;32m  OK  [0m] Started Serial Getty on ttyS0.
[[0;32m  OK  [0m] Reached target Login Prompts.
         Starting Set console scheme...
cloud-init[939]: Your identification has been saved in /etc/ssh/ssh_host_dsa_key.
[[0;32m  OK  [0m] Started Accounts Service.
[[0;32m  OK  [0m] Started Virtualbox guest utils.
[[0;32m  OK  [0m] Started LSB: Set the CPU Frequency Scaling governor to "ondemand".
[[0;32m  OK  [0m] Started Set console scheme.
[   17.420301] cloud-init[939]: Your public key has been saved in /etc/ssh/ssh_host_dsa_key.pub.
[   17.434268] cloud-init[939]: The key fingerprint is:
[   17.439525] cloud-init[939]: SHA256:lIlzXUW3H3Njq4AWnimrIkinGYdWqiEHNvDFpzbtkbY root@ubuntu-xenial
[   17.450155] cloud-init[939]: The key's randomart image is:
[   17.450974] cloud-init[939]: +---[DSA 1024]----+
[   17.450996] cloud-init[939]: |   .        .oo .|
[   17.451017] cloud-init[939]: |.   o .. + .   ..|
[[0;32m  OK  [0m] Started LSB: daemon to balance interrupts for SMP systems.
[   17.451035] cloud-init[939]: |.. . +o.=..    *.|
[[0;32m  OK  [0m] Started LSB: automatic crash report generation.
[   17.472388] cloud-init[939]: |.o..+ =+. =   . B|
[   17.523073] cloud-init[939]: |..=. + +S* .   ..|
[   17.528324] cloud-init[939]: |o*.o  E +   . .  |
[   17.537514] cloud-init[939]: |*o*    .     .   |
[   17.542550] cloud-init[939]: |o+ .  .          |
[   17.580235] cloud-init[939]: |  . ..           |
[   17.596860] cloud-init[939]: +----[SHA256]-----+
[   17.604169] cloud-init[939]: Generating public/private ecdsa key pair.
[[0;32m  OK  [0m] Started Snap Daemon.
[   19.056835] cloud-init[939]: Your identification has been saved in /etc/ssh/ssh_host_ecdsa_key.
[   19.066368] cloud-init[939]: Your public key has been saved in /etc/ssh/ssh_host_ecdsa_key.pub.
[   19.074537] cloud-init[939]: The key fingerprint is:
         Starting Wait until snapd is fully seeded...
[   19.076604] cloud-init[939]: SHA256:noK84KTyrBOdyeCIuWmeawdeyVdMjmqL0e2vY5gocYQ root@ubuntu-xenial
[   19.087857] cloud-init[939]: The key's randomart image is:
[   19.094434] cloud-init[939]: +---[ECDSA 256]---+
[   19.112888] cloud-init[939]: |                 |
[   19.135187] cloud-init[939]: |       .         |
[   19.141683] cloud-init[939]: | .    =          |
[   19.151068] cloud-init[939]: |E .  . +         |
[   19.157352] cloud-init[939]: |+*oo+ . S        |
[   19.162971] cloud-init[939]: |*+*O + . .       |
[   19.168877] cloud-init[939]: |.*X O . o        |
[   19.173579] cloud-init[939]: |*@.* = .         |
[   19.177772] cloud-init[939]: |OB* o.+.         |
[   19.182822] cloud-init[939]: +----[SHA256]-----+
[   19.191117] cloud-init[939]: Generating public/private ed25519 key pair.
[   19.197192] cloud-init[939]: Your identification has been saved in /etc/ssh/ssh_host_ed25519_key.
[   19.202208] cloud-init[939]: Your public key has been saved in /etc/ssh/ssh_host_ed25519_key.pub.
[   19.207088] cloud-init[939]: The key fingerprint is:
[   19.211591] cloud-init[939]: SHA256:Sc7G/u3DLgj4caVqvNCdptCDdvhYuVYJE7f9TPKALdI root@ubuntu-xenial
[   19.221338] cloud-init[939]: The key's randomart image is:
[   19.226540] cloud-init[939]: +--[ED25519 256]--+
[   19.230221] cloud-init[939]: |                 |
[   19.234702] cloud-init[939]: |      . .        |
[   19.239627] cloud-init[939]: |       +.=       |
[   19.243929] cloud-init[939]: |      +=E.* .    |
[   19.247349] cloud-init[939]: |     . +S= B     |
[   19.251374] cloud-init[939]: |    .=o==.  +    |
[   19.255322] cloud-init[939]: |    *oB*=. .     |
[   19.269270] cloud-init[939]: |   . B*=....o    |
[   19.273972] cloud-init[939]: |    .o=.  .++.   |
[   19.279229] cloud-init[939]: +----[SHA256]-----+
[[0;32m  OK  [0m] Started Pollinate to seed the pseudo random number generator.
         Starting OpenBSD Secure Shell server...
[[0;32m  OK  [0m] Started OpenBSD Secure Shell server.
[[0;32m  OK  [0m] Created slice User Slice of vagrant.
         Starting User Manager for UID 1000...
[[0;32m  OK  [0m] Started Session 1 of user vagrant.
[[0;32m  OK  [0m] Started User Manager for UID 1000.

Ubuntu 16.04.7 LTS ubuntu-xenial ttyS0

ubuntu-xenial login: [   24.509944] cloud-init[1467]: Generating locales (this might take a while)...
[   25.328322] cloud-init[1467]:   en_US.UTF-8... done
[   25.330353] cloud-init[1467]: Generation complete.
[   25.835472] cloud-init[1467]: Cloud-init v. 21.1-19-gbad84ad4-0ubuntu1~16.04.2 running 'modules:config' at Wed, 18 May 2022 08:16:08 +0000. Up 24.40 seconds.
ci-info: no authorized SSH keys fingerprints found for user ubuntu.
<14>May 18 08:16:11 ec2: 
<14>May 18 08:16:11 ec2: #############################################################
<14>May 18 08:16:11 ec2: -----BEGIN SSH HOST KEY FINGERPRINTS-----
<14>May 18 08:16:11 ec2: 1024 SHA256:lIlzXUW3H3Njq4AWnimrIkinGYdWqiEHNvDFpzbtkbY root@ubuntu-xenial (DSA)
<14>May 18 08:16:11 ec2: 256 SHA256:noK84KTyrBOdyeCIuWmeawdeyVdMjmqL0e2vY5gocYQ root@ubuntu-xenial (ECDSA)
<14>May 18 08:16:11 ec2: 256 SHA256:Sc7G/u3DLgj4caVqvNCdptCDdvhYuVYJE7f9TPKALdI root@ubuntu-xenial (ED25519)
<14>May 18 08:16:11 ec2: 2048 SHA256:g2o0RPSk8rbeXWnlr4avLMiBd7lAJfAyWJjlWRx/maM root@ubuntu-xenial (RSA)
<14>May 18 08:16:11 ec2: -----END SSH HOST KEY FINGERPRINTS-----
<14>May 18 08:16:11 ec2: #############################################################
-----BEGIN SSH HOST KEY KEYS-----
ecdsa-sha2-nistp256 AAAAE2VjZHNhLXNoYTItbmlzdHAyNTYAAAAIbmlzdHAyNTYAAABBBM4v8EcpeFdP49cVFaKYjLz4R6hdMe1jg/DI9QPhgFVlF6C89j4V2nsLgOmTr9qh4+7MZ6kN77z/66sAeb0aRI0= root@ubuntu-xenial
ssh-ed25519 AAAAC3NzaC1lZDI1NTE5AAAAIEOLo8pnIEaoC+VRfl+u3CSSggST30csrsyQrixwLBdn root@ubuntu-xenial
ssh-rsa AAAAB3NzaC1yc2EAAAADAQABAAABAQDLW8fVgwc7DLlYzQlGklaSlw2NN7sfPkgx2X+/5QHGmREG4gyQhpfJ877x9z6PhJtwTLThugRqlrB99Z/oSWGPimM5473yDCKZGbrQD9eiUCLqdfuDIiQMBbiqE6EoiipG6sOpRPyB1X36ubOwO5YBlO8OSZGIcXA13EIKj/A1EJshU1So0LQIl4eApl88Vb08+VL0DcAKU9F79KO8zk/F8znnHB/zc1tc26OOhr5Z2+Ckv2elbFmGmOhs03m7fi9p3/bnyHNkjz40M6fAA3eaaH3tLGv7M+gsHsKvT7ALYQBU18KXcCxDnCs8Q/ShwR+4KSVKuoP0L5yXjcx52De9 root@ubuntu-xenial
-----END SSH HOST KEY KEYS-----
[   26.612225] cloud-init[1546]: Cloud-init v. 21.1-19-gbad84ad4-0ubuntu1~16.04.2 running 'modules:final' at Wed, 18 May 2022 08:16:10 +0000. Up 26.43 seconds.
[   26.612635] cloud-init[1546]: ci-info: no authorized SSH keys fingerprints found for user ubuntu.
[   26.612781] cloud-init[1546]: Cloud-init v. 21.1-19-gbad84ad4-0ubuntu1~16.04.2 finished at Wed, 18 May 2022 08:16:11 +0000. Datasource DataSourceNoCloud [seed=/dev/sdb][dsmode=net].  Up 26.58 seconds
